{"/Users/chiya/GIT/OpenCode-Work/mongo-compare/mongo-diff-ui/postcss.config.js": {"path":"/Users/chiya/GIT/OpenCode-Work/mongo-compare/mongo-diff-ui/postcss.config.js","all":true,"statementMap":{"0":{"start":{"line":1,"column":0},"end":{"line":1,"column":16}},"1":{"start":{"line":2,"column":0},"end":{"line":2,"column":12}},"2":{"start":{"line":3,"column":0},"end":{"line":3,"column":20}},"3":{"start":{"line":4,"column":0},"end":{"line":4,"column":21}},"4":{"start":{"line":5,"column":0},"end":{"line":5,"column":4}},"5":{"start":{"line":6,"column":0},"end":{"line":6,"column":1}}},"s":{"0":0,"1":0,"2":0,"3":0,"4":0,"5":0},"branchMap":{"0":{"type":"branch","line":1,"loc":{"start":{"line":1,"column":79},"end":{"line":6,"column":1}},"locations":[{"start":{"line":1,"column":79},"end":{"line":6,"column":1}}]}},"b":{"0":[0]},"fnMap":{"0":{"name":"(empty-report)","decl":{"start":{"line":1,"column":79},"end":{"line":6,"column":1}},"loc":{"start":{"line":1,"column":79},"end":{"line":6,"column":1}},"line":1}},"f":{"0":0}}
,"/Users/chiya/GIT/OpenCode-Work/mongo-compare/mongo-diff-ui/prettier.config.js": {"path":"/Users/chiya/GIT/OpenCode-Work/mongo-compare/mongo-diff-ui/prettier.config.js","all":true,"statementMap":{"0":{"start":{"line":1,"column":0},"end":{"line":1,"column":3}},"1":{"start":{"line":2,"column":0},"end":{"line":2,"column":61}},"2":{"start":{"line":3,"column":0},"end":{"line":3,"column":3}},"3":{"start":{"line":4,"column":0},"end":{"line":4,"column":18}},"4":{"start":{"line":5,"column":0},"end":{"line":5,"column":43}},"5":{"start":{"line":6,"column":0},"end":{"line":6,"column":1}}},"s":{"0":0,"1":0,"2":0,"3":0,"4":0,"5":0},"branchMap":{"0":{"type":"branch","line":1,"loc":{"start":{"line":1,"column":134},"end":{"line":6,"column":1}},"locations":[{"start":{"line":1,"column":134},"end":{"line":6,"column":1}}]}},"b":{"0":[0]},"fnMap":{"0":{"name":"(empty-report)","decl":{"start":{"line":1,"column":134},"end":{"line":6,"column":1}},"loc":{"start":{"line":1,"column":134},"end":{"line":6,"column":1}},"line":1}},"f":{"0":0}}
,"/Users/chiya/GIT/OpenCode-Work/mongo-compare/mongo-diff-ui/tailwind.config.js": {"path":"/Users/chiya/GIT/OpenCode-Work/mongo-compare/mongo-diff-ui/tailwind.config.js","all":true,"statementMap":{"0":{"start":{"line":1,"column":0},"end":{"line":1,"column":29}},"1":{"start":{"line":2,"column":0},"end":{"line":2,"column":43}},"2":{"start":{"line":3,"column":0},"end":{"line":3,"column":16}},"3":{"start":{"line":4,"column":0},"end":{"line":4,"column":12}},"4":{"start":{"line":5,"column":0},"end":{"line":5,"column":19}},"5":{"start":{"line":6,"column":0},"end":{"line":6,"column":33}},"6":{"start":{"line":7,"column":0},"end":{"line":7,"column":4}},"7":{"start":{"line":8,"column":0},"end":{"line":8,"column":10}},"8":{"start":{"line":9,"column":0},"end":{"line":9,"column":15}},"9":{"start":{"line":10,"column":0},"end":{"line":10,"column":4}},"10":{"start":{"line":11,"column":0},"end":{"line":11,"column":14}},"11":{"start":{"line":12,"column":0},"end":{"line":12,"column":1}}},"s":{"0":0,"1":0,"2":0,"3":0,"4":0,"5":0,"6":0,"7":0,"8":0,"9":0,"10":0,"11":0},"branchMap":{"0":{"type":"branch","line":1,"loc":{"start":{"line":1,"column":211},"end":{"line":12,"column":1}},"locations":[{"start":{"line":1,"column":211},"end":{"line":12,"column":1}}]}},"b":{"0":[0]},"fnMap":{"0":{"name":"(empty-report)","decl":{"start":{"line":1,"column":211},"end":{"line":12,"column":1}},"loc":{"start":{"line":1,"column":211},"end":{"line":12,"column":1}},"line":1}},"f":{"0":0}}
,"/Users/chiya/GIT/OpenCode-Work/mongo-compare/mongo-diff-ui/vite-env.d.ts": {"path":"/Users/chiya/GIT/OpenCode-Work/mongo-compare/mongo-diff-ui/vite-env.d.ts","all":true,"statementMap":{},"s":{},"branchMap":{"0":{"type":"branch","line":1,"loc":{"start":{"line":1,"column":70},"end":{"line":2,"column":37}},"locations":[{"start":{"line":1,"column":70},"end":{"line":2,"column":37}}]}},"b":{"0":[1]},"fnMap":{"0":{"name":"(empty-report)","decl":{"start":{"line":1,"column":70},"end":{"line":2,"column":37}},"loc":{"start":{"line":1,"column":70},"end":{"line":2,"column":37}},"line":1}},"f":{"0":1}}
,"/Users/chiya/GIT/OpenCode-Work/mongo-compare/mongo-diff-ui/vite.config.ts": {"path":"/Users/chiya/GIT/OpenCode-Work/mongo-compare/mongo-diff-ui/vite.config.ts","all":true,"statementMap":{"0":{"start":{"line":1,"column":0},"end":{"line":1,"column":35}},"1":{"start":{"line":2,"column":0},"end":{"line":2,"column":40}},"2":{"start":{"line":3,"column":0},"end":{"line":3,"column":23}},"5":{"start":{"line":6,"column":0},"end":{"line":6,"column":29}},"6":{"start":{"line":7,"column":0},"end":{"line":7,"column":21}},"7":{"start":{"line":8,"column":0},"end":{"line":8,"column":12}},"8":{"start":{"line":9,"column":0},"end":{"line":9,"column":12}},"9":{"start":{"line":10,"column":0},"end":{"line":10,"column":44}},"10":{"start":{"line":11,"column":0},"end":{"line":11,"column":6}},"11":{"start":{"line":12,"column":0},"end":{"line":12,"column":4}},"12":{"start":{"line":13,"column":0},"end":{"line":13,"column":9}},"13":{"start":{"line":14,"column":0},"end":{"line":14,"column":18}},"14":{"start":{"line":15,"column":0},"end":{"line":15,"column":25}},"15":{"start":{"line":16,"column":0},"end":{"line":16,"column":38}},"16":{"start":{"line":17,"column":0},"end":{"line":17,"column":47}},"17":{"start":{"line":18,"column":0},"end":{"line":18,"column":15}},"18":{"start":{"line":19,"column":0},"end":{"line":19,"column":21}},"19":{"start":{"line":20,"column":0},"end":{"line":20,"column":41}},"20":{"start":{"line":21,"column":0},"end":{"line":21,"column":46}},"21":{"start":{"line":22,"column":0},"end":{"line":22,"column":6}},"22":{"start":{"line":23,"column":0},"end":{"line":23,"column":4}},"23":{"start":{"line":24,"column":0},"end":{"line":24,"column":2}}},"s":{"0":0,"1":0,"2":0,"5":0,"6":0,"7":0,"8":0,"9":0,"10":0,"11":0,"12":0,"13":0,"14":0,"15":0,"16":0,"17":0,"18":0,"19":0,"20":0,"21":0,"22":0,"23":0},"branchMap":{"0":{"type":"branch","line":1,"loc":{"start":{"line":1,"column":550},"end":{"line":24,"column":2}},"locations":[{"start":{"line":1,"column":550},"end":{"line":24,"column":2}}]}},"b":{"0":[0]},"fnMap":{"0":{"name":"(empty-report)","decl":{"start":{"line":1,"column":550},"end":{"line":24,"column":2}},"loc":{"start":{"line":1,"column":550},"end":{"line":24,"column":2}},"line":1}},"f":{"0":0}}
,"/Users/chiya/GIT/OpenCode-Work/mongo-compare/mongo-diff-ui/src/App.tsx": {"path":"/Users/chiya/GIT/OpenCode-Work/mongo-compare/mongo-diff-ui/src/App.tsx","all":true,"statementMap":{"0":{"start":{"line":1,"column":0},"end":{"line":1,"column":32}},"1":{"start":{"line":2,"column":0},"end":{"line":2,"column":42}},"2":{"start":{"line":3,"column":0},"end":{"line":3,"column":40}},"3":{"start":{"line":4,"column":0},"end":{"line":4,"column":39}},"4":{"start":{"line":5,"column":0},"end":{"line":5,"column":18}},"6":{"start":{"line":7,"column":0},"end":{"line":7,"column":16}},"7":{"start":{"line":8,"column":0},"end":{"line":8,"column":39}},"9":{"start":{"line":10,"column":0},"end":{"line":10,"column":10}},"10":{"start":{"line":11,"column":0},"end":{"line":11,"column":6}},"11":{"start":{"line":12,"column":0},"end":{"line":12,"column":27}},"12":{"start":{"line":13,"column":0},"end":{"line":13,"column":30}},"13":{"start":{"line":14,"column":0},"end":{"line":14,"column":80}},"14":{"start":{"line":15,"column":0},"end":{"line":15,"column":72}},"15":{"start":{"line":16,"column":0},"end":{"line":16,"column":65}},"16":{"start":{"line":17,"column":0},"end":{"line":17,"column":14}},"17":{"start":{"line":18,"column":0},"end":{"line":18,"column":13}},"18":{"start":{"line":19,"column":0},"end":{"line":19,"column":30}},"19":{"start":{"line":20,"column":0},"end":{"line":20,"column":13}},"20":{"start":{"line":21,"column":0},"end":{"line":21,"column":75}},"21":{"start":{"line":22,"column":0},"end":{"line":22,"column":14}},"22":{"start":{"line":23,"column":0},"end":{"line":23,"column":14}},"23":{"start":{"line":24,"column":0},"end":{"line":24,"column":15}},"24":{"start":{"line":25,"column":0},"end":{"line":25,"column":23}},"25":{"start":{"line":26,"column":0},"end":{"line":26,"column":29}},"26":{"start":{"line":27,"column":0},"end":{"line":27,"column":56}},"27":{"start":{"line":28,"column":0},"end":{"line":28,"column":9}},"28":{"start":{"line":29,"column":0},"end":{"line":29,"column":26}},"29":{"start":{"line":30,"column":0},"end":{"line":30,"column":17}},"30":{"start":{"line":31,"column":0},"end":{"line":31,"column":16}},"32":{"start":{"line":33,"column":0},"end":{"line":33,"column":35}},"34":{"start":{"line":35,"column":0},"end":{"line":35,"column":31}},"35":{"start":{"line":36,"column":0},"end":{"line":36,"column":23}},"36":{"start":{"line":37,"column":0},"end":{"line":37,"column":71}},"37":{"start":{"line":38,"column":0},"end":{"line":38,"column":60}},"38":{"start":{"line":39,"column":0},"end":{"line":39,"column":16}},"39":{"start":{"line":40,"column":0},"end":{"line":40,"column":32}},"40":{"start":{"line":41,"column":0},"end":{"line":41,"column":41}},"41":{"start":{"line":42,"column":0},"end":{"line":42,"column":14}},"42":{"start":{"line":43,"column":0},"end":{"line":43,"column":16}},"43":{"start":{"line":44,"column":0},"end":{"line":44,"column":58}},"44":{"start":{"line":45,"column":0},"end":{"line":45,"column":62}},"46":{"start":{"line":47,"column":0},"end":{"line":47,"column":18}},"47":{"start":{"line":48,"column":0},"end":{"line":48,"column":17}},"48":{"start":{"line":49,"column":0},"end":{"line":49,"column":16}},"49":{"start":{"line":50,"column":0},"end":{"line":50,"column":59}},"50":{"start":{"line":51,"column":0},"end":{"line":51,"column":70}},"52":{"start":{"line":53,"column":0},"end":{"line":53,"column":18}},"53":{"start":{"line":54,"column":0},"end":{"line":54,"column":17}},"54":{"start":{"line":55,"column":0},"end":{"line":55,"column":15}},"55":{"start":{"line":56,"column":0},"end":{"line":56,"column":14}},"56":{"start":{"line":57,"column":0},"end":{"line":57,"column":25}},"57":{"start":{"line":58,"column":0},"end":{"line":58,"column":71}},"58":{"start":{"line":59,"column":0},"end":{"line":59,"column":53}},"59":{"start":{"line":60,"column":0},"end":{"line":60,"column":16}},"60":{"start":{"line":61,"column":0},"end":{"line":61,"column":34}},"61":{"start":{"line":62,"column":0},"end":{"line":62,"column":40}},"62":{"start":{"line":63,"column":0},"end":{"line":63,"column":14}},"63":{"start":{"line":64,"column":0},"end":{"line":64,"column":16}},"64":{"start":{"line":65,"column":0},"end":{"line":65,"column":71}},"65":{"start":{"line":66,"column":0},"end":{"line":66,"column":20}},"66":{"start":{"line":67,"column":0},"end":{"line":67,"column":41}},"67":{"start":{"line":68,"column":0},"end":{"line":68,"column":37}},"68":{"start":{"line":69,"column":0},"end":{"line":69,"column":36}},"70":{"start":{"line":71,"column":0},"end":{"line":71,"column":59}},"71":{"start":{"line":72,"column":0},"end":{"line":72,"column":22}},"73":{"start":{"line":74,"column":0},"end":{"line":74,"column":18}},"74":{"start":{"line":75,"column":0},"end":{"line":75,"column":17}},"75":{"start":{"line":76,"column":0},"end":{"line":76,"column":16}},"76":{"start":{"line":77,"column":0},"end":{"line":77,"column":63}},"77":{"start":{"line":78,"column":0},"end":{"line":78,"column":20}},"78":{"start":{"line":79,"column":0},"end":{"line":79,"column":41}},"79":{"start":{"line":80,"column":0},"end":{"line":80,"column":37}},"80":{"start":{"line":81,"column":0},"end":{"line":81,"column":36}},"82":{"start":{"line":83,"column":0},"end":{"line":83,"column":60}},"83":{"start":{"line":84,"column":0},"end":{"line":84,"column":22}},"85":{"start":{"line":86,"column":0},"end":{"line":86,"column":18}},"86":{"start":{"line":87,"column":0},"end":{"line":87,"column":17}},"87":{"start":{"line":88,"column":0},"end":{"line":88,"column":16}},"88":{"start":{"line":89,"column":0},"end":{"line":89,"column":62}},"89":{"start":{"line":90,"column":0},"end":{"line":90,"column":20}},"90":{"start":{"line":91,"column":0},"end":{"line":91,"column":41}},"91":{"start":{"line":92,"column":0},"end":{"line":92,"column":37}},"92":{"start":{"line":93,"column":0},"end":{"line":93,"column":36}},"94":{"start":{"line":95,"column":0},"end":{"line":95,"column":54}},"95":{"start":{"line":96,"column":0},"end":{"line":96,"column":22}},"97":{"start":{"line":98,"column":0},"end":{"line":98,"column":18}},"98":{"start":{"line":99,"column":0},"end":{"line":99,"column":17}},"99":{"start":{"line":100,"column":0},"end":{"line":100,"column":16}},"100":{"start":{"line":101,"column":0},"end":{"line":101,"column":74}},"101":{"start":{"line":102,"column":0},"end":{"line":102,"column":20}},"102":{"start":{"line":103,"column":0},"end":{"line":103,"column":41}},"103":{"start":{"line":104,"column":0},"end":{"line":104,"column":37}},"104":{"start":{"line":105,"column":0},"end":{"line":105,"column":36}},"106":{"start":{"line":107,"column":0},"end":{"line":107,"column":60}},"107":{"start":{"line":108,"column":0},"end":{"line":108,"column":22}},"109":{"start":{"line":110,"column":0},"end":{"line":110,"column":18}},"110":{"start":{"line":111,"column":0},"end":{"line":111,"column":17}},"111":{"start":{"line":112,"column":0},"end":{"line":112,"column":15}},"112":{"start":{"line":113,"column":0},"end":{"line":113,"column":14}},"113":{"start":{"line":114,"column":0},"end":{"line":114,"column":16}},"115":{"start":{"line":116,"column":0},"end":{"line":116,"column":35}},"116":{"start":{"line":117,"column":0},"end":{"line":117,"column":37}},"117":{"start":{"line":118,"column":0},"end":{"line":118,"column":7}},"119":{"start":{"line":120,"column":0},"end":{"line":120,"column":1}},"121":{"start":{"line":122,"column":0},"end":{"line":122,"column":18}}},"s":{"0":0,"1":0,"2":0,"3":0,"4":0,"6":0,"7":0,"9":0,"10":0,"11":0,"12":0,"13":0,"14":0,"15":0,"16":0,"17":0,"18":0,"19":0,"20":0,"21":0,"22":0,"23":0,"24":0,"25":0,"26":0,"27":0,"28":0,"29":0,"30":0,"32":0,"34":0,"35":0,"36":0,"37":0,"38":0,"39":0,"40":0,"41":0,"42":0,"43":0,"44":0,"46":0,"47":0,"48":0,"49":0,"50":0,"52":0,"53":0,"54":0,"55":0,"56":0,"57":0,"58":0,"59":0,"60":0,"61":0,"62":0,"63":0,"64":0,"65":0,"66":0,"67":0,"68":0,"70":0,"71":0,"73":0,"74":0,"75":0,"76":0,"77":0,"78":0,"79":0,"80":0,"82":0,"83":0,"85":0,"86":0,"87":0,"88":0,"89":0,"90":0,"91":0,"92":0,"94":0,"95":0,"97":0,"98":0,"99":0,"100":0,"101":0,"102":0,"103":0,"104":0,"106":0,"107":0,"109":0,"110":0,"111":0,"112":0,"113":0,"115":0,"116":0,"117":0,"119":0,"121":0},"branchMap":{"0":{"type":"branch","line":1,"loc":{"start":{"line":1,"column":3645},"end":{"line":122,"column":18}},"locations":[{"start":{"line":1,"column":3645},"end":{"line":122,"column":18}}]}},"b":{"0":[0]},"fnMap":{"0":{"name":"(empty-report)","decl":{"start":{"line":1,"column":3645},"end":{"line":122,"column":18}},"loc":{"start":{"line":1,"column":3645},"end":{"line":122,"column":18}},"line":1}},"f":{"0":0}}
,"/Users/chiya/GIT/OpenCode-Work/mongo-compare/mongo-diff-ui/src/main.tsx": {"path":"/Users/chiya/GIT/OpenCode-Work/mongo-compare/mongo-diff-ui/src/main.tsx","all":true,"statementMap":{"0":{"start":{"line":1,"column":0},"end":{"line":1,"column":34}},"1":{"start":{"line":2,"column":0},"end":{"line":2,"column":45}},"2":{"start":{"line":3,"column":0},"end":{"line":3,"column":20}},"3":{"start":{"line":4,"column":0},"end":{"line":4,"column":27}},"5":{"start":{"line":6,"column":0},"end":{"line":6,"column":52}},"6":{"start":{"line":7,"column":0},"end":{"line":7,"column":14}},"7":{"start":{"line":8,"column":0},"end":{"line":8,"column":11}},"8":{"start":{"line":9,"column":0},"end":{"line":9,"column":16}},"9":{"start":{"line":10,"column":0},"end":{"line":10,"column":1}}},"s":{"0":0,"1":0,"2":0,"3":0,"5":0,"6":0,"7":0,"8":0,"9":0},"branchMap":{"0":{"type":"branch","line":1,"loc":{"start":{"line":1,"column":203},"end":{"line":10,"column":-148}},"locations":[{"start":{"line":1,"column":203},"end":{"line":10,"column":-148}}]}},"b":{"0":[0]},"fnMap":{"0":{"name":"(empty-report)","decl":{"start":{"line":1,"column":203},"end":{"line":10,"column":-148}},"loc":{"start":{"line":1,"column":203},"end":{"line":10,"column":-148}},"line":1}},"f":{"0":0}}
,"/Users/chiya/GIT/OpenCode-Work/mongo-compare/mongo-diff-ui/src/vite-env.d.ts": {"path":"/Users/chiya/GIT/OpenCode-Work/mongo-compare/mongo-diff-ui/src/vite-env.d.ts","all":true,"statementMap":{},"s":{},"branchMap":{"0":{"type":"branch","line":1,"loc":{"start":{"line":1,"column":283},"end":{"line":13,"column":1}},"locations":[{"start":{"line":1,"column":283},"end":{"line":13,"column":1}}]}},"b":{"0":[1]},"fnMap":{"0":{"name":"(empty-report)","decl":{"start":{"line":1,"column":283},"end":{"line":13,"column":1}},"loc":{"start":{"line":1,"column":283},"end":{"line":13,"column":1}},"line":1}},"f":{"0":1}}
,"/Users/chiya/GIT/OpenCode-Work/mongo-compare/mongo-diff-ui/src/components/collection/CollectionDiscovery.tsx": {"path":"/Users/chiya/GIT/OpenCode-Work/mongo-compare/mongo-diff-ui/src/components/collection/CollectionDiscovery.tsx","all":false,"statementMap":{"0":{"start":{"line":1,"column":0},"end":{"line":1,"column":45}},"1":{"start":{"line":2,"column":0},"end":{"line":2,"column":49}},"2":{"start":{"line":3,"column":0},"end":{"line":3,"column":51}},"35":{"start":{"line":36,"column":0},"end":{"line":36,"column":37}},"36":{"start":{"line":37,"column":0},"end":{"line":37,"column":19}},"37":{"start":{"line":38,"column":0},"end":{"line":38,"column":19}},"38":{"start":{"line":39,"column":0},"end":{"line":39,"column":18}},"39":{"start":{"line":40,"column":0},"end":{"line":40,"column":18}},"40":{"start":{"line":41,"column":0},"end":{"line":41,"column":12}},"41":{"start":{"line":42,"column":0},"end":{"line":42,"column":15}},"42":{"start":{"line":43,"column":0},"end":{"line":43,"column":20}},"43":{"start":{"line":44,"column":0},"end":{"line":44,"column":20}},"44":{"start":{"line":45,"column":0},"end":{"line":45,"column":22}},"45":{"start":{"line":46,"column":0},"end":{"line":46,"column":22}},"46":{"start":{"line":47,"column":0},"end":{"line":47,"column":8}},"47":{"start":{"line":48,"column":0},"end":{"line":48,"column":24}},"48":{"start":{"line":49,"column":0},"end":{"line":49,"column":27}},"49":{"start":{"line":50,"column":0},"end":{"line":50,"column":16}},"50":{"start":{"line":51,"column":0},"end":{"line":51,"column":24}},"51":{"start":{"line":52,"column":0},"end":{"line":52,"column":17}},"52":{"start":{"line":53,"column":0},"end":{"line":53,"column":20}},"53":{"start":{"line":54,"column":0},"end":{"line":54,"column":17}},"54":{"start":{"line":55,"column":0},"end":{"line":55,"column":11}},"55":{"start":{"line":56,"column":0},"end":{"line":56,"column":30}},"56":{"start":{"line":57,"column":0},"end":{"line":57,"column":75}},"58":{"start":{"line":59,"column":0},"end":{"line":59,"column":45}},"59":{"start":{"line":60,"column":0},"end":{"line":60,"column":85}},"60":{"start":{"line":61,"column":0},"end":{"line":61,"column":32}},"61":{"start":{"line":62,"column":0},"end":{"line":62,"column":35}},"62":{"start":{"line":63,"column":0},"end":{"line":63,"column":50}},"63":{"start":{"line":64,"column":0},"end":{"line":64,"column":50}},"64":{"start":{"line":65,"column":0},"end":{"line":65,"column":37}},"65":{"start":{"line":66,"column":0},"end":{"line":66,"column":45}},"66":{"start":{"line":67,"column":0},"end":{"line":67,"column":60}},"67":{"start":{"line":68,"column":0},"end":{"line":68,"column":57}},"68":{"start":{"line":69,"column":0},"end":{"line":69,"column":6}},"69":{"start":{"line":70,"column":0},"end":{"line":70,"column":46}},"70":{"start":{"line":71,"column":0},"end":{"line":71,"column":3}},"72":{"start":{"line":73,"column":0},"end":{"line":73,"column":44}},"73":{"start":{"line":74,"column":0},"end":{"line":74,"column":66}},"74":{"start":{"line":75,"column":0},"end":{"line":75,"column":32}},"75":{"start":{"line":76,"column":0},"end":{"line":76,"column":36}},"76":{"start":{"line":77,"column":0},"end":{"line":77,"column":50}},"77":{"start":{"line":78,"column":0},"end":{"line":78,"column":50}},"78":{"start":{"line":79,"column":0},"end":{"line":79,"column":61}},"79":{"start":{"line":80,"column":0},"end":{"line":80,"column":87}},"80":{"start":{"line":81,"column":0},"end":{"line":81,"column":7}},"81":{"start":{"line":82,"column":0},"end":{"line":82,"column":58}},"82":{"start":{"line":83,"column":0},"end":{"line":83,"column":6}},"83":{"start":{"line":84,"column":0},"end":{"line":84,"column":5}},"84":{"start":{"line":85,"column":0},"end":{"line":85,"column":26}},"85":{"start":{"line":86,"column":0},"end":{"line":86,"column":26}},"86":{"start":{"line":87,"column":0},"end":{"line":87,"column":22}},"87":{"start":{"line":88,"column":0},"end":{"line":88,"column":24}},"88":{"start":{"line":89,"column":0},"end":{"line":89,"column":24}},"89":{"start":{"line":90,"column":0},"end":{"line":90,"column":5}},"90":{"start":{"line":91,"column":0},"end":{"line":91,"column":3}},"92":{"start":{"line":93,"column":0},"end":{"line":93,"column":42}},"93":{"start":{"line":94,"column":0},"end":{"line":94,"column":66}},"94":{"start":{"line":95,"column":0},"end":{"line":95,"column":49}},"95":{"start":{"line":96,"column":0},"end":{"line":96,"column":6}},"96":{"start":{"line":97,"column":0},"end":{"line":97,"column":21}},"97":{"start":{"line":98,"column":0},"end":{"line":98,"column":3}},"99":{"start":{"line":100,"column":0},"end":{"line":100,"column":45}},"100":{"start":{"line":101,"column":0},"end":{"line":101,"column":61}},"101":{"start":{"line":102,"column":0},"end":{"line":102,"column":47}},"102":{"start":{"line":103,"column":0},"end":{"line":103,"column":6}},"103":{"start":{"line":104,"column":0},"end":{"line":104,"column":24}},"104":{"start":{"line":105,"column":0},"end":{"line":105,"column":3}},"106":{"start":{"line":107,"column":0},"end":{"line":107,"column":48}},"107":{"start":{"line":108,"column":0},"end":{"line":108,"column":60}},"108":{"start":{"line":109,"column":0},"end":{"line":109,"column":49}},"109":{"start":{"line":110,"column":0},"end":{"line":110,"column":6}},"110":{"start":{"line":111,"column":0},"end":{"line":111,"column":27}},"111":{"start":{"line":112,"column":0},"end":{"line":112,"column":3}},"113":{"start":{"line":114,"column":0},"end":{"line":114,"column":72}},"114":{"start":{"line":115,"column":0},"end":{"line":115,"column":35}},"115":{"start":{"line":116,"column":0},"end":{"line":116,"column":3}},"117":{"start":{"line":118,"column":0},"end":{"line":118,"column":69}},"118":{"start":{"line":119,"column":0},"end":{"line":119,"column":32}},"119":{"start":{"line":120,"column":0},"end":{"line":120,"column":3}},"121":{"start":{"line":122,"column":0},"end":{"line":122,"column":57}},"122":{"start":{"line":123,"column":0},"end":{"line":123,"column":21}},"123":{"start":{"line":124,"column":0},"end":{"line":124,"column":3}},"125":{"start":{"line":126,"column":0},"end":{"line":126,"column":28}},"126":{"start":{"line":127,"column":0},"end":{"line":127,"column":66}},"127":{"start":{"line":128,"column":0},"end":{"line":128,"column":25}},"128":{"start":{"line":129,"column":0},"end":{"line":129,"column":26}},"129":{"start":{"line":130,"column":0},"end":{"line":130,"column":46}},"130":{"start":{"line":131,"column":0},"end":{"line":131,"column":46}},"131":{"start":{"line":132,"column":0},"end":{"line":132,"column":85}},"132":{"start":{"line":133,"column":0},"end":{"line":133,"column":27}},"133":{"start":{"line":134,"column":0},"end":{"line":134,"column":64}},"134":{"start":{"line":135,"column":0},"end":{"line":135,"column":24}},"135":{"start":{"line":136,"column":0},"end":{"line":136,"column":79}},"136":{"start":{"line":137,"column":0},"end":{"line":137,"column":27}},"137":{"start":{"line":138,"column":0},"end":{"line":138,"column":26}},"138":{"start":{"line":139,"column":0},"end":{"line":139,"column":50}},"139":{"start":{"line":140,"column":0},"end":{"line":140,"column":50}},"140":{"start":{"line":141,"column":0},"end":{"line":141,"column":30}},"141":{"start":{"line":142,"column":0},"end":{"line":142,"column":26}},"142":{"start":{"line":143,"column":0},"end":{"line":143,"column":21}},"143":{"start":{"line":144,"column":0},"end":{"line":144,"column":21}},"145":{"start":{"line":146,"column":0},"end":{"line":146,"column":36}},"146":{"start":{"line":147,"column":0},"end":{"line":147,"column":40}},"147":{"start":{"line":148,"column":0},"end":{"line":148,"column":25}},"148":{"start":{"line":149,"column":0},"end":{"line":149,"column":8}},"149":{"start":{"line":150,"column":0},"end":{"line":150,"column":52}},"150":{"start":{"line":151,"column":0},"end":{"line":151,"column":3}},"152":{"start":{"line":153,"column":0},"end":{"line":153,"column":10}},"153":{"start":{"line":154,"column":0},"end":{"line":154,"column":8}},"154":{"start":{"line":155,"column":0},"end":{"line":155,"column":63}},"155":{"start":{"line":156,"column":0},"end":{"line":156,"column":40}},"156":{"start":{"line":157,"column":0},"end":{"line":157,"column":19}},"158":{"start":{"line":159,"column":0},"end":{"line":159,"column":33}},"159":{"start":{"line":160,"column":0},"end":{"line":160,"column":40}},"160":{"start":{"line":161,"column":0},"end":{"line":161,"column":17}},"161":{"start":{"line":162,"column":0},"end":{"line":162,"column":53}},"162":{"start":{"line":163,"column":0},"end":{"line":163,"column":84}},"163":{"start":{"line":164,"column":0},"end":{"line":164,"column":36}},"164":{"start":{"line":165,"column":0},"end":{"line":165,"column":45}},"165":{"start":{"line":166,"column":0},"end":{"line":166,"column":66}},"166":{"start":{"line":167,"column":0},"end":{"line":167,"column":15}},"167":{"start":{"line":168,"column":0},"end":{"line":168,"column":11}},"169":{"start":{"line":170,"column":0},"end":{"line":170,"column":19}},"170":{"start":{"line":171,"column":0},"end":{"line":171,"column":17}},"171":{"start":{"line":172,"column":0},"end":{"line":172,"column":53}},"172":{"start":{"line":173,"column":0},"end":{"line":173,"column":84}},"173":{"start":{"line":174,"column":0},"end":{"line":174,"column":36}},"174":{"start":{"line":175,"column":0},"end":{"line":175,"column":45}},"175":{"start":{"line":176,"column":0},"end":{"line":176,"column":66}},"176":{"start":{"line":177,"column":0},"end":{"line":177,"column":15}},"177":{"start":{"line":178,"column":0},"end":{"line":178,"column":11}},"179":{"start":{"line":180,"column":0},"end":{"line":180,"column":19}},"180":{"start":{"line":181,"column":0},"end":{"line":181,"column":14}},"182":{"start":{"line":183,"column":0},"end":{"line":183,"column":59}},"183":{"start":{"line":184,"column":0},"end":{"line":184,"column":50}},"184":{"start":{"line":185,"column":0},"end":{"line":185,"column":33}},"185":{"start":{"line":186,"column":0},"end":{"line":186,"column":67}},"186":{"start":{"line":187,"column":0},"end":{"line":187,"column":82}},"187":{"start":{"line":188,"column":0},"end":{"line":188,"column":63}},"188":{"start":{"line":189,"column":0},"end":{"line":189,"column":21}},"190":{"start":{"line":191,"column":0},"end":{"line":191,"column":64}},"191":{"start":{"line":192,"column":0},"end":{"line":192,"column":79}},"193":{"start":{"line":194,"column":0},"end":{"line":194,"column":21}},"195":{"start":{"line":196,"column":0},"end":{"line":196,"column":16}},"197":{"start":{"line":198,"column":0},"end":{"line":198,"column":31}},"198":{"start":{"line":199,"column":0},"end":{"line":199,"column":19}},"199":{"start":{"line":200,"column":0},"end":{"line":200,"column":30}},"200":{"start":{"line":201,"column":0},"end":{"line":201,"column":23}},"201":{"start":{"line":202,"column":0},"end":{"line":202,"column":57}},"202":{"start":{"line":203,"column":0},"end":{"line":203,"column":13}},"204":{"start":{"line":205,"column":0},"end":{"line":205,"column":21}},"206":{"start":{"line":207,"column":0},"end":{"line":207,"column":19}},"207":{"start":{"line":208,"column":0},"end":{"line":208,"column":31}},"208":{"start":{"line":209,"column":0},"end":{"line":209,"column":23}},"209":{"start":{"line":210,"column":0},"end":{"line":210,"column":54}},"210":{"start":{"line":211,"column":0},"end":{"line":211,"column":35}},"211":{"start":{"line":212,"column":0},"end":{"line":212,"column":13}},"213":{"start":{"line":214,"column":0},"end":{"line":214,"column":21}},"215":{"start":{"line":216,"column":0},"end":{"line":216,"column":14}},"216":{"start":{"line":217,"column":0},"end":{"line":217,"column":12}},"218":{"start":{"line":219,"column":0},"end":{"line":219,"column":33}},"219":{"start":{"line":220,"column":0},"end":{"line":220,"column":23}},"220":{"start":{"line":221,"column":0},"end":{"line":221,"column":42}},"221":{"start":{"line":222,"column":0},"end":{"line":222,"column":47}},"222":{"start":{"line":223,"column":0},"end":{"line":223,"column":45}},"223":{"start":{"line":224,"column":0},"end":{"line":224,"column":67}},"225":{"start":{"line":226,"column":0},"end":{"line":226,"column":34}},"226":{"start":{"line":227,"column":0},"end":{"line":227,"column":68}},"227":{"start":{"line":228,"column":0},"end":{"line":228,"column":45}},"228":{"start":{"line":229,"column":0},"end":{"line":229,"column":74}},"229":{"start":{"line":230,"column":0},"end":{"line":230,"column":46}},"230":{"start":{"line":231,"column":0},"end":{"line":231,"column":80}},"231":{"start":{"line":232,"column":0},"end":{"line":232,"column":31}},"232":{"start":{"line":233,"column":0},"end":{"line":233,"column":10}},"233":{"start":{"line":234,"column":0},"end":{"line":234,"column":12}},"235":{"start":{"line":236,"column":0},"end":{"line":236,"column":88}},"236":{"start":{"line":237,"column":0},"end":{"line":237,"column":71}},"238":{"start":{"line":239,"column":0},"end":{"line":239,"column":17}},"240":{"start":{"line":241,"column":0},"end":{"line":241,"column":48}},"241":{"start":{"line":242,"column":0},"end":{"line":242,"column":86}},"242":{"start":{"line":243,"column":0},"end":{"line":243,"column":14}},"243":{"start":{"line":244,"column":0},"end":{"line":244,"column":12}},"244":{"start":{"line":245,"column":0},"end":{"line":245,"column":10}},"246":{"start":{"line":247,"column":0},"end":{"line":247,"column":1}}},"s":{"0":1,"1":1,"2":1,"35":1,"36":16,"37":16,"38":16,"39":16,"40":16,"41":16,"42":16,"43":16,"44":16,"45":16,"46":16,"47":16,"48":16,"49":16,"50":16,"51":16,"52":16,"53":16,"54":16,"55":16,"56":16,"58":16,"59":16,"60":0,"61":0,"62":0,"63":0,"64":0,"65":0,"66":0,"67":0,"68":0,"69":16,"70":16,"72":16,"73":16,"74":0,"75":0,"76":0,"77":0,"78":0,"79":0,"80":0,"81":0,"82":0,"83":16,"84":16,"85":16,"86":16,"87":16,"88":16,"89":16,"90":16,"92":16,"93":16,"94":1,"95":1,"96":16,"97":16,"99":16,"100":16,"101":1,"102":1,"103":16,"104":16,"106":16,"107":16,"108":1,"109":1,"110":16,"111":16,"113":16,"114":1,"115":1,"117":16,"118":1,"119":1,"121":16,"122":0,"123":0,"125":16,"126":16,"127":16,"128":16,"129":16,"130":0,"131":16,"132":16,"133":16,"134":16,"135":16,"136":16,"137":16,"138":16,"139":0,"140":16,"141":16,"142":16,"143":0,"145":16,"146":0,"147":0,"148":0,"149":0,"150":0,"152":16,"153":16,"154":16,"155":16,"156":16,"158":16,"159":16,"160":16,"161":16,"162":16,"163":16,"164":16,"165":0,"166":16,"167":16,"169":16,"170":16,"171":16,"172":16,"173":16,"174":0,"175":16,"176":16,"177":16,"179":16,"180":16,"182":16,"183":16,"184":16,"185":10,"186":10,"187":10,"188":10,"190":6,"191":6,"193":6,"195":16,"197":16,"198":10,"199":10,"200":10,"201":10,"202":10,"204":10,"206":6,"207":6,"208":6,"209":6,"210":6,"211":6,"213":6,"215":16,"216":16,"218":16,"219":16,"220":16,"221":16,"222":16,"223":0,"225":16,"226":16,"227":16,"228":16,"229":16,"230":16,"231":16,"232":16,"233":16,"235":16,"236":16,"238":16,"240":16,"241":16,"242":16,"243":16,"244":16,"246":16},"branchMap":{"0":{"type":"branch","line":36,"loc":{"start":{"line":36,"column":7},"end":{"line":247,"column":1}},"locations":[{"start":{"line":36,"column":7},"end":{"line":247,"column":1}}]},"1":{"type":"branch","line":127,"loc":{"start":{"line":127,"column":29},"end":{"line":127,"column":66}},"locations":[{"start":{"line":127,"column":29},"end":{"line":127,"column":66}}]},"2":{"type":"branch","line":130,"loc":{"start":{"line":130,"column":35},"end":{"line":131,"column":46}},"locations":[{"start":{"line":130,"column":35},"end":{"line":131,"column":46}}]},"3":{"type":"branch","line":132,"loc":{"start":{"line":132,"column":52},"end":{"line":132,"column":85}},"locations":[{"start":{"line":132,"column":52},"end":{"line":132,"column":85}}]},"4":{"type":"branch","line":134,"loc":{"start":{"line":134,"column":29},"end":{"line":134,"column":64}},"locations":[{"start":{"line":134,"column":29},"end":{"line":134,"column":64}}]},"5":{"type":"branch","line":136,"loc":{"start":{"line":136,"column":29},"end":{"line":136,"column":79}},"locations":[{"start":{"line":136,"column":29},"end":{"line":136,"column":79}}]},"6":{"type":"branch","line":139,"loc":{"start":{"line":139,"column":35},"end":{"line":140,"column":50}},"locations":[{"start":{"line":139,"column":35},"end":{"line":140,"column":50}}]},"7":{"type":"branch","line":143,"loc":{"start":{"line":143,"column":8},"end":{"line":144,"column":21}},"locations":[{"start":{"line":143,"column":8},"end":{"line":144,"column":21}}]},"8":{"type":"branch","line":165,"loc":{"start":{"line":165,"column":18},"end":{"line":166,"column":66}},"locations":[{"start":{"line":165,"column":18},"end":{"line":166,"column":66}}]},"9":{"type":"branch","line":174,"loc":{"start":{"line":174,"column":28},"end":{"line":175,"column":45}},"locations":[{"start":{"line":174,"column":28},"end":{"line":175,"column":45}}]},"10":{"type":"branch","line":185,"loc":{"start":{"line":185,"column":13},"end":{"line":189,"column":21}},"locations":[{"start":{"line":185,"column":13},"end":{"line":189,"column":21}}]},"11":{"type":"branch","line":189,"loc":{"start":{"line":189,"column":14},"end":{"line":194,"column":21}},"locations":[{"start":{"line":189,"column":14},"end":{"line":194,"column":21}}]},"12":{"type":"branch","line":198,"loc":{"start":{"line":198,"column":11},"end":{"line":205,"column":21}},"locations":[{"start":{"line":198,"column":11},"end":{"line":205,"column":21}}]},"13":{"type":"branch","line":205,"loc":{"start":{"line":205,"column":12},"end":{"line":214,"column":21}},"locations":[{"start":{"line":205,"column":12},"end":{"line":214,"column":21}}]},"14":{"type":"branch","line":94,"loc":{"start":{"line":94,"column":4},"end":{"line":96,"column":6}},"locations":[{"start":{"line":94,"column":4},"end":{"line":96,"column":6}}]},"15":{"type":"branch","line":101,"loc":{"start":{"line":101,"column":4},"end":{"line":103,"column":6}},"locations":[{"start":{"line":101,"column":4},"end":{"line":103,"column":6}}]},"16":{"type":"branch","line":108,"loc":{"start":{"line":108,"column":4},"end":{"line":110,"column":6}},"locations":[{"start":{"line":108,"column":4},"end":{"line":110,"column":6}}]},"17":{"type":"branch","line":114,"loc":{"start":{"line":114,"column":24},"end":{"line":116,"column":3}},"locations":[{"start":{"line":114,"column":24},"end":{"line":116,"column":3}}]},"18":{"type":"branch","line":118,"loc":{"start":{"line":118,"column":27},"end":{"line":120,"column":3}},"locations":[{"start":{"line":118,"column":27},"end":{"line":120,"column":3}}]},"19":{"type":"branch","line":202,"loc":{"start":{"line":202,"column":23},"end":{"line":202,"column":57}},"locations":[{"start":{"line":202,"column":23},"end":{"line":202,"column":57}}]},"20":{"type":"branch","line":210,"loc":{"start":{"line":210,"column":23},"end":{"line":210,"column":54}},"locations":[{"start":{"line":210,"column":23},"end":{"line":210,"column":54}}]},"21":{"type":"branch","line":227,"loc":{"start":{"line":227,"column":27},"end":{"line":227,"column":68}},"locations":[{"start":{"line":227,"column":27},"end":{"line":227,"column":68}}]},"22":{"type":"branch","line":229,"loc":{"start":{"line":229,"column":30},"end":{"line":229,"column":74}},"locations":[{"start":{"line":229,"column":30},"end":{"line":229,"column":74}}]},"23":{"type":"branch","line":231,"loc":{"start":{"line":231,"column":33},"end":{"line":231,"column":80}},"locations":[{"start":{"line":231,"column":33},"end":{"line":231,"column":80}}]}},"b":{"0":[16],"1":[0],"2":[0],"3":[0],"4":[0],"5":[0],"6":[0],"7":[0],"8":[0],"9":[0],"10":[10],"11":[6],"12":[10],"13":[6],"14":[1],"15":[1],"16":[1],"17":[1],"18":[1],"19":[1],"20":[1],"21":[1],"22":[1],"23":[1]},"fnMap":{"0":{"name":"CollectionDiscovery","decl":{"start":{"line":36,"column":7},"end":{"line":247,"column":1}},"loc":{"start":{"line":36,"column":7},"end":{"line":247,"column":1}},"line":36},"1":{"name":"handleConnect","decl":{"start":{"line":114,"column":24},"end":{"line":116,"column":3}},"loc":{"start":{"line":114,"column":24},"end":{"line":116,"column":3}},"line":114},"2":{"name":"handleDisconnect","decl":{"start":{"line":118,"column":27},"end":{"line":120,"column":3}},"loc":{"start":{"line":118,"column":27},"end":{"line":120,"column":3}},"line":118},"3":{"name":"handleTabChange","decl":{"start":{"line":122,"column":26},"end":{"line":124,"column":3}},"loc":{"start":{"line":122,"column":26},"end":{"line":124,"column":3}},"line":122},"4":{"name":"_handleCollectionsChange","decl":{"start":{"line":146,"column":35},"end":{"line":151,"column":3}},"loc":{"start":{"line":146,"column":35},"end":{"line":151,"column":3}},"line":146},"5":{"name":"onClick","decl":{"start":{"line":162,"column":21},"end":{"line":162,"column":53}},"loc":{"start":{"line":162,"column":21},"end":{"line":162,"column":53}},"line":162},"6":{"name":"onClick","decl":{"start":{"line":172,"column":21},"end":{"line":172,"column":53}},"loc":{"start":{"line":172,"column":21},"end":{"line":172,"column":53}},"line":172},"7":{"name":"onClick","decl":{"start":{"line":202,"column":23},"end":{"line":202,"column":57}},"loc":{"start":{"line":202,"column":23},"end":{"line":202,"column":57}},"line":202},"8":{"name":"onClick","decl":{"start":{"line":210,"column":23},"end":{"line":210,"column":54}},"loc":{"start":{"line":210,"column":23},"end":{"line":210,"column":54}},"line":210},"9":{"name":"onSelect","decl":{"start":{"line":223,"column":20},"end":{"line":224,"column":67}},"loc":{"start":{"line":223,"column":20},"end":{"line":224,"column":67}},"line":223},"10":{"name":"onPatternChange","decl":{"start":{"line":227,"column":27},"end":{"line":227,"column":68}},"loc":{"start":{"line":227,"column":27},"end":{"line":227,"column":68}},"line":227},"11":{"name":"onIdentifierChange","decl":{"start":{"line":229,"column":30},"end":{"line":229,"column":74}},"loc":{"start":{"line":229,"column":30},"end":{"line":229,"column":74}},"line":229},"12":{"name":"onCompositeKeysChange","decl":{"start":{"line":231,"column":33},"end":{"line":231,"column":80}},"loc":{"start":{"line":231,"column":33},"end":{"line":231,"column":80}},"line":231}},"f":{"0":16,"1":1,"2":1,"3":0,"4":0,"5":0,"6":0,"7":1,"8":1,"9":0,"10":1,"11":1,"12":1}}
,"/Users/chiya/GIT/OpenCode-Work/mongo-compare/mongo-diff-ui/src/components/collection/CollectionList.tsx": {"path":"/Users/chiya/GIT/OpenCode-Work/mongo-compare/mongo-diff-ui/src/components/collection/CollectionList.tsx","all":false,"statementMap":{"0":{"start":{"line":1,"column":0},"end":{"line":1,"column":52}},"1":{"start":{"line":2,"column":0},"end":{"line":2,"column":55}},"2":{"start":{"line":3,"column":0},"end":{"line":3,"column":49}},"3":{"start":{"line":4,"column":0},"end":{"line":4,"column":51}},"20":{"start":{"line":21,"column":0},"end":{"line":21,"column":52}},"22":{"start":{"line":23,"column":0},"end":{"line":23,"column":32}},"23":{"start":{"line":24,"column":0},"end":{"line":24,"column":14}},"24":{"start":{"line":25,"column":0},"end":{"line":25,"column":22}},"25":{"start":{"line":26,"column":0},"end":{"line":26,"column":11}},"26":{"start":{"line":27,"column":0},"end":{"line":27,"column":10}},"27":{"start":{"line":28,"column":0},"end":{"line":28,"column":18}},"28":{"start":{"line":29,"column":0},"end":{"line":29,"column":18}},"29":{"start":{"line":30,"column":0},"end":{"line":30,"column":21}},"30":{"start":{"line":31,"column":0},"end":{"line":31,"column":16}},"31":{"start":{"line":32,"column":0},"end":{"line":32,"column":24}},"32":{"start":{"line":33,"column":0},"end":{"line":33,"column":20}},"33":{"start":{"line":34,"column":0},"end":{"line":34,"column":17}},"34":{"start":{"line":35,"column":0},"end":{"line":35,"column":11}},"35":{"start":{"line":36,"column":0},"end":{"line":36,"column":25}},"36":{"start":{"line":37,"column":0},"end":{"line":37,"column":49}},"38":{"start":{"line":39,"column":0},"end":{"line":39,"column":45}},"39":{"start":{"line":40,"column":0},"end":{"line":40,"column":36}},"40":{"start":{"line":41,"column":0},"end":{"line":41,"column":9}},"41":{"start":{"line":42,"column":0},"end":{"line":42,"column":39}},"42":{"start":{"line":43,"column":0},"end":{"line":43,"column":71}},"43":{"start":{"line":44,"column":0},"end":{"line":44,"column":13}},"44":{"start":{"line":45,"column":0},"end":{"line":45,"column":24}},"45":{"start":{"line":46,"column":0},"end":{"line":46,"column":5}},"46":{"start":{"line":47,"column":0},"end":{"line":47,"column":28}},"48":{"start":{"line":49,"column":0},"end":{"line":49,"column":121}},"49":{"start":{"line":50,"column":0},"end":{"line":50,"column":104}},"51":{"start":{"line":52,"column":0},"end":{"line":52,"column":33}},"52":{"start":{"line":53,"column":0},"end":{"line":53,"column":22}},"53":{"start":{"line":54,"column":0},"end":{"line":54,"column":78}},"54":{"start":{"line":55,"column":0},"end":{"line":55,"column":12}},"55":{"start":{"line":56,"column":0},"end":{"line":56,"column":77}},"56":{"start":{"line":57,"column":0},"end":{"line":57,"column":5}},"57":{"start":{"line":58,"column":0},"end":{"line":58,"column":3}},"59":{"start":{"line":60,"column":0},"end":{"line":60,"column":34}},"60":{"start":{"line":61,"column":0},"end":{"line":61,"column":76}},"61":{"start":{"line":62,"column":0},"end":{"line":62,"column":3}},"63":{"start":{"line":64,"column":0},"end":{"line":64,"column":79}},"64":{"start":{"line":65,"column":0},"end":{"line":65,"column":38}},"65":{"start":{"line":66,"column":0},"end":{"line":66,"column":3}},"67":{"start":{"line":68,"column":0},"end":{"line":68,"column":81}},"68":{"start":{"line":69,"column":0},"end":{"line":69,"column":41}},"69":{"start":{"line":70,"column":0},"end":{"line":70,"column":3}},"71":{"start":{"line":72,"column":0},"end":{"line":72,"column":19}},"72":{"start":{"line":73,"column":0},"end":{"line":73,"column":20}},"73":{"start":{"line":74,"column":0},"end":{"line":74,"column":23}},"74":{"start":{"line":75,"column":0},"end":{"line":75,"column":5}},"75":{"start":{"line":76,"column":0},"end":{"line":76,"column":17}},"77":{"start":{"line":78,"column":0},"end":{"line":78,"column":10}},"78":{"start":{"line":79,"column":0},"end":{"line":79,"column":8}},"79":{"start":{"line":80,"column":0},"end":{"line":80,"column":91}},"80":{"start":{"line":81,"column":0},"end":{"line":81,"column":35}},"81":{"start":{"line":82,"column":0},"end":{"line":82,"column":19}},"83":{"start":{"line":84,"column":0},"end":{"line":84,"column":20}},"84":{"start":{"line":85,"column":0},"end":{"line":85,"column":63}},"85":{"start":{"line":86,"column":0},"end":{"line":86,"column":14}},"86":{"start":{"line":87,"column":0},"end":{"line":87,"column":72}},"87":{"start":{"line":88,"column":0},"end":{"line":88,"column":46}},"88":{"start":{"line":89,"column":0},"end":{"line":89,"column":23}},"89":{"start":{"line":90,"column":0},"end":{"line":90,"column":31}},"91":{"start":{"line":92,"column":0},"end":{"line":92,"column":19}},"92":{"start":{"line":93,"column":0},"end":{"line":93,"column":36}},"93":{"start":{"line":94,"column":0},"end":{"line":94,"column":21}},"94":{"start":{"line":95,"column":0},"end":{"line":95,"column":21}},"95":{"start":{"line":96,"column":0},"end":{"line":96,"column":20}},"96":{"start":{"line":97,"column":0},"end":{"line":97,"column":35}},"97":{"start":{"line":98,"column":0},"end":{"line":98,"column":29}},"98":{"start":{"line":99,"column":0},"end":{"line":99,"column":22}},"99":{"start":{"line":100,"column":0},"end":{"line":100,"column":17}},"100":{"start":{"line":101,"column":0},"end":{"line":101,"column":36}},"101":{"start":{"line":102,"column":0},"end":{"line":102,"column":33}},"102":{"start":{"line":103,"column":0},"end":{"line":103,"column":129}},"103":{"start":{"line":104,"column":0},"end":{"line":104,"column":20}},"104":{"start":{"line":105,"column":0},"end":{"line":105,"column":16}},"105":{"start":{"line":106,"column":0},"end":{"line":106,"column":45}},"106":{"start":{"line":107,"column":0},"end":{"line":107,"column":14}},"108":{"start":{"line":109,"column":0},"end":{"line":109,"column":10}},"109":{"start":{"line":110,"column":0},"end":{"line":110,"column":37}},"110":{"start":{"line":111,"column":0},"end":{"line":111,"column":57}},"111":{"start":{"line":112,"column":0},"end":{"line":112,"column":21}},"112":{"start":{"line":113,"column":0},"end":{"line":113,"column":35}},"113":{"start":{"line":114,"column":0},"end":{"line":114,"column":25}},"114":{"start":{"line":115,"column":0},"end":{"line":115,"column":41}},"115":{"start":{"line":116,"column":0},"end":{"line":116,"column":59}},"116":{"start":{"line":117,"column":0},"end":{"line":117,"column":15}},"118":{"start":{"line":119,"column":0},"end":{"line":119,"column":23}},"119":{"start":{"line":120,"column":0},"end":{"line":120,"column":21}},"120":{"start":{"line":121,"column":0},"end":{"line":121,"column":35}},"121":{"start":{"line":122,"column":0},"end":{"line":122,"column":25}},"122":{"start":{"line":123,"column":0},"end":{"line":123,"column":42}},"123":{"start":{"line":124,"column":0},"end":{"line":124,"column":59}},"124":{"start":{"line":125,"column":0},"end":{"line":125,"column":15}},"126":{"start":{"line":127,"column":0},"end":{"line":127,"column":23}},"127":{"start":{"line":128,"column":0},"end":{"line":128,"column":63}},"128":{"start":{"line":129,"column":0},"end":{"line":129,"column":85}},"129":{"start":{"line":130,"column":0},"end":{"line":130,"column":21}},"130":{"start":{"line":131,"column":0},"end":{"line":131,"column":18}},"132":{"start":{"line":133,"column":0},"end":{"line":133,"column":18}},"133":{"start":{"line":134,"column":0},"end":{"line":134,"column":38}},"134":{"start":{"line":135,"column":0},"end":{"line":135,"column":57}},"135":{"start":{"line":136,"column":0},"end":{"line":136,"column":29}},"136":{"start":{"line":137,"column":0},"end":{"line":137,"column":63}},"137":{"start":{"line":138,"column":0},"end":{"line":138,"column":41}},"138":{"start":{"line":139,"column":0},"end":{"line":139,"column":14}},"140":{"start":{"line":141,"column":0},"end":{"line":141,"column":39}},"141":{"start":{"line":142,"column":0},"end":{"line":142,"column":51}},"142":{"start":{"line":143,"column":0},"end":{"line":143,"column":124}},"143":{"start":{"line":144,"column":0},"end":{"line":144,"column":93}},"144":{"start":{"line":145,"column":0},"end":{"line":145,"column":22}},"146":{"start":{"line":147,"column":0},"end":{"line":147,"column":57}},"147":{"start":{"line":148,"column":0},"end":{"line":148,"column":27}},"148":{"start":{"line":149,"column":0},"end":{"line":149,"column":36}},"149":{"start":{"line":150,"column":0},"end":{"line":150,"column":35}},"150":{"start":{"line":151,"column":0},"end":{"line":151,"column":38}},"151":{"start":{"line":152,"column":0},"end":{"line":152,"column":70}},"152":{"start":{"line":153,"column":0},"end":{"line":153,"column":73}},"153":{"start":{"line":154,"column":0},"end":{"line":154,"column":51}},"154":{"start":{"line":155,"column":0},"end":{"line":155,"column":20}},"155":{"start":{"line":156,"column":0},"end":{"line":156,"column":18}},"157":{"start":{"line":158,"column":0},"end":{"line":158,"column":18}},"158":{"start":{"line":159,"column":0},"end":{"line":159,"column":16}},"160":{"start":{"line":161,"column":0},"end":{"line":161,"column":58}},"161":{"start":{"line":162,"column":0},"end":{"line":162,"column":67}},"162":{"start":{"line":163,"column":0},"end":{"line":163,"column":41}},"163":{"start":{"line":164,"column":0},"end":{"line":164,"column":76}},"165":{"start":{"line":166,"column":0},"end":{"line":166,"column":24}},"166":{"start":{"line":167,"column":0},"end":{"line":167,"column":23}},"167":{"start":{"line":168,"column":0},"end":{"line":168,"column":41}},"168":{"start":{"line":169,"column":0},"end":{"line":169,"column":51}},"169":{"start":{"line":170,"column":0},"end":{"line":170,"column":174}},"170":{"start":{"line":171,"column":0},"end":{"line":171,"column":49}},"172":{"start":{"line":173,"column":0},"end":{"line":173,"column":60}},"173":{"start":{"line":174,"column":0},"end":{"line":174,"column":54}},"174":{"start":{"line":175,"column":0},"end":{"line":175,"column":29}},"175":{"start":{"line":176,"column":0},"end":{"line":176,"column":29}},"176":{"start":{"line":177,"column":0},"end":{"line":177,"column":21}},"177":{"start":{"line":178,"column":0},"end":{"line":178,"column":25}},"178":{"start":{"line":179,"column":0},"end":{"line":179,"column":20}},"180":{"start":{"line":181,"column":0},"end":{"line":181,"column":41}},"181":{"start":{"line":182,"column":0},"end":{"line":182,"column":76}},"183":{"start":{"line":184,"column":0},"end":{"line":184,"column":24}},"184":{"start":{"line":185,"column":0},"end":{"line":185,"column":22}},"185":{"start":{"line":186,"column":0},"end":{"line":186,"column":63}},"186":{"start":{"line":187,"column":0},"end":{"line":187,"column":39}},"187":{"start":{"line":188,"column":0},"end":{"line":188,"column":54}},"188":{"start":{"line":189,"column":0},"end":{"line":189,"column":52}},"189":{"start":{"line":190,"column":0},"end":{"line":190,"column":18}},"190":{"start":{"line":191,"column":0},"end":{"line":191,"column":20}},"191":{"start":{"line":192,"column":0},"end":{"line":192,"column":18}},"192":{"start":{"line":193,"column":0},"end":{"line":193,"column":16}},"193":{"start":{"line":194,"column":0},"end":{"line":194,"column":11}},"195":{"start":{"line":196,"column":0},"end":{"line":196,"column":10}},"197":{"start":{"line":198,"column":0},"end":{"line":198,"column":1}}},"s":{"0":1,"1":1,"2":1,"3":1,"20":1,"22":1,"23":33,"24":33,"25":33,"26":33,"27":33,"28":33,"29":33,"30":33,"31":33,"32":33,"33":33,"34":33,"35":33,"36":33,"38":33,"39":33,"40":3,"41":3,"42":3,"43":33,"44":0,"45":0,"46":33,"48":33,"49":33,"51":33,"52":1,"53":0,"54":1,"55":1,"56":1,"57":1,"59":33,"60":1,"61":1,"63":33,"64":2,"65":2,"67":33,"68":2,"69":2,"71":33,"72":33,"73":4,"74":4,"75":33,"77":33,"78":33,"79":33,"80":33,"81":33,"83":33,"84":4,"85":4,"86":4,"87":4,"88":4,"89":4,"91":4,"92":4,"93":4,"94":4,"95":4,"96":4,"97":4,"98":4,"99":4,"100":4,"101":4,"102":4,"103":4,"104":4,"105":4,"106":4,"108":29,"109":29,"110":29,"111":29,"112":29,"113":29,"114":29,"115":29,"116":29,"118":29,"119":29,"120":29,"121":29,"122":29,"123":29,"124":29,"126":29,"127":29,"128":29,"129":29,"130":29,"132":29,"133":29,"134":29,"135":29,"136":29,"137":29,"138":29,"140":29,"141":29,"142":6,"143":6,"144":6,"146":23,"147":47,"148":47,"149":47,"150":47,"151":47,"152":47,"153":47,"154":47,"155":23,"157":29,"158":29,"160":29,"161":29,"162":29,"163":29,"165":29,"166":29,"167":29,"168":29,"169":29,"170":29,"172":29,"173":87,"174":87,"175":87,"176":29,"177":29,"178":29,"180":29,"181":29,"183":29,"184":29,"185":29,"186":29,"187":29,"188":29,"189":29,"190":29,"191":29,"192":29,"193":29,"195":33,"197":33},"branchMap":{"0":{"type":"branch","line":23,"loc":{"start":{"line":23,"column":7},"end":{"line":198,"column":1}},"locations":[{"start":{"line":23,"column":7},"end":{"line":198,"column":1}}]},"1":{"type":"branch","line":49,"loc":{"start":{"line":49,"column":51},"end":{"line":49,"column":121}},"locations":[{"start":{"line":49,"column":51},"end":{"line":49,"column":121}}]},"2":{"type":"branch","line":50,"loc":{"start":{"line":50,"column":87},"end":{"line":50,"column":104}},"locations":[{"start":{"line":50,"column":87},"end":{"line":50,"column":104}}]},"3":{"type":"branch","line":80,"loc":{"start":{"line":80,"column":46},"end":{"line":80,"column":73}},"locations":[{"start":{"line":80,"column":46},"end":{"line":80,"column":73}}]},"4":{"type":"branch","line":80,"loc":{"start":{"line":80,"column":58},"end":{"line":80,"column":75}},"locations":[{"start":{"line":80,"column":58},"end":{"line":80,"column":75}}]},"5":{"type":"branch","line":84,"loc":{"start":{"line":84,"column":7},"end":{"line":107,"column":14}},"locations":[{"start":{"line":84,"column":7},"end":{"line":107,"column":14}}]},"6":{"type":"branch","line":107,"loc":{"start":{"line":107,"column":8},"end":{"line":194,"column":11}},"locations":[{"start":{"line":107,"column":8},"end":{"line":194,"column":11}}]},"7":{"type":"branch","line":142,"loc":{"start":{"line":142,"column":46},"end":{"line":145,"column":22}},"locations":[{"start":{"line":142,"column":46},"end":{"line":145,"column":22}}]},"8":{"type":"branch","line":144,"loc":{"start":{"line":144,"column":19},"end":{"line":144,"column":66}},"locations":[{"start":{"line":144,"column":19},"end":{"line":144,"column":66}}]},"9":{"type":"branch","line":145,"loc":{"start":{"line":145,"column":16},"end":{"line":156,"column":18}},"locations":[{"start":{"line":145,"column":16},"end":{"line":156,"column":18}}]},"10":{"type":"branch","line":39,"loc":{"start":{"line":39,"column":38},"end":{"line":47,"column":5}},"locations":[{"start":{"line":39,"column":38},"end":{"line":47,"column":5}}]},"11":{"type":"branch","line":40,"loc":{"start":{"line":40,"column":18},"end":{"line":40,"column":36}},"locations":[{"start":{"line":40,"column":18},"end":{"line":40,"column":36}}]},"12":{"type":"branch","line":40,"loc":{"start":{"line":40,"column":25},"end":{"line":44,"column":12}},"locations":[{"start":{"line":40,"column":25},"end":{"line":44,"column":12}}]},"13":{"type":"branch","line":44,"loc":{"start":{"line":44,"column":4},"end":{"line":46,"column":5}},"locations":[{"start":{"line":44,"column":4},"end":{"line":46,"column":5}}]},"14":{"type":"branch","line":43,"loc":{"start":{"line":43,"column":32},"end":{"line":43,"column":70}},"locations":[{"start":{"line":43,"column":32},"end":{"line":43,"column":70}}]},"15":{"type":"branch","line":49,"loc":{"start":{"line":49,"column":82},"end":{"line":49,"column":120}},"locations":[{"start":{"line":49,"column":82},"end":{"line":49,"column":120}}]},"16":{"type":"branch","line":50,"loc":{"start":{"line":50,"column":49},"end":{"line":50,"column":87}},"locations":[{"start":{"line":50,"column":49},"end":{"line":50,"column":87}}]},"17":{"type":"branch","line":52,"loc":{"start":{"line":52,"column":26},"end":{"line":58,"column":3}},"locations":[{"start":{"line":52,"column":26},"end":{"line":58,"column":3}}]},"18":{"type":"branch","line":53,"loc":{"start":{"line":53,"column":21},"end":{"line":55,"column":11}},"locations":[{"start":{"line":53,"column":21},"end":{"line":55,"column":11}}]},"19":{"type":"branch","line":56,"loc":{"start":{"line":56,"column":34},"end":{"line":56,"column":76}},"locations":[{"start":{"line":56,"column":34},"end":{"line":56,"column":76}}]},"20":{"type":"branch","line":60,"loc":{"start":{"line":60,"column":27},"end":{"line":62,"column":3}},"locations":[{"start":{"line":60,"column":27},"end":{"line":62,"column":3}}]},"21":{"type":"branch","line":61,"loc":{"start":{"line":61,"column":32},"end":{"line":61,"column":75}},"locations":[{"start":{"line":61,"column":32},"end":{"line":61,"column":75}}]},"22":{"type":"branch","line":64,"loc":{"start":{"line":64,"column":33},"end":{"line":66,"column":3}},"locations":[{"start":{"line":64,"column":33},"end":{"line":66,"column":3}}]},"23":{"type":"branch","line":68,"loc":{"start":{"line":68,"column":36},"end":{"line":70,"column":3}},"locations":[{"start":{"line":68,"column":36},"end":{"line":70,"column":3}}]},"24":{"type":"branch","line":72,"loc":{"start":{"line":72,"column":12},"end":{"line":76,"column":5}},"locations":[{"start":{"line":72,"column":12},"end":{"line":76,"column":5}}]},"25":{"type":"branch","line":73,"loc":{"start":{"line":73,"column":19},"end":{"line":75,"column":5}},"locations":[{"start":{"line":73,"column":19},"end":{"line":75,"column":5}}]},"26":{"type":"branch","line":137,"loc":{"start":{"line":137,"column":24},"end":{"line":137,"column":63}},"locations":[{"start":{"line":137,"column":24},"end":{"line":137,"column":63}}]},"27":{"type":"branch","line":147,"loc":{"start":{"line":147,"column":40},"end":{"line":155,"column":20}},"locations":[{"start":{"line":147,"column":40},"end":{"line":155,"column":20}}]},"28":{"type":"branch","line":153,"loc":{"start":{"line":153,"column":30},"end":{"line":153,"column":73}},"locations":[{"start":{"line":153,"column":30},"end":{"line":153,"column":73}}]},"29":{"type":"branch","line":173,"loc":{"start":{"line":173,"column":48},"end":{"line":176,"column":29}},"locations":[{"start":{"line":173,"column":48},"end":{"line":176,"column":29}}]}},"b":{"0":[33],"1":[25],"2":[4],"3":[4],"4":[29],"5":[4],"6":[29],"7":[6],"8":[0],"9":[23],"10":[33],"11":[30],"12":[3],"13":[0],"14":[8],"15":[31],"16":[44],"17":[1],"18":[0],"19":[3],"20":[1],"21":[3],"22":[2],"23":[2],"24":[33],"25":[4],"26":[2],"27":[47],"28":[1],"29":[87]},"fnMap":{"0":{"name":"CollectionList","decl":{"start":{"line":23,"column":7},"end":{"line":198,"column":1}},"loc":{"start":{"line":23,"column":7},"end":{"line":198,"column":1}},"line":23},"1":{"name":"handleSelectAll","decl":{"start":{"line":52,"column":26},"end":{"line":58,"column":3}},"loc":{"start":{"line":52,"column":26},"end":{"line":58,"column":3}},"line":52},"2":{"name":"handleSelectNone","decl":{"start":{"line":60,"column":27},"end":{"line":62,"column":3}},"loc":{"start":{"line":60,"column":27},"end":{"line":62,"column":3}},"line":60},"3":{"name":"handleIdentifierChange","decl":{"start":{"line":64,"column":33},"end":{"line":66,"column":3}},"loc":{"start":{"line":64,"column":33},"end":{"line":66,"column":3}},"line":64},"4":{"name":"handleCompositeKeysChange","decl":{"start":{"line":68,"column":36},"end":{"line":70,"column":3}},"loc":{"start":{"line":68,"column":36},"end":{"line":70,"column":3}},"line":68},"5":{"name":"onChange","decl":{"start":{"line":137,"column":24},"end":{"line":137,"column":63}},"loc":{"start":{"line":137,"column":24},"end":{"line":137,"column":63}},"line":137},"6":{"name":"onChange","decl":{"start":{"line":153,"column":30},"end":{"line":153,"column":73}},"loc":{"start":{"line":153,"column":30},"end":{"line":153,"column":73}},"line":153}},"f":{"0":33,"1":1,"2":1,"3":2,"4":2,"5":2,"6":1}}
,"/Users/chiya/GIT/OpenCode-Work/mongo-compare/mongo-diff-ui/src/components/collection/DatabaseTree.tsx": {"path":"/Users/chiya/GIT/OpenCode-Work/mongo-compare/mongo-diff-ui/src/components/collection/DatabaseTree.tsx","all":false,"statementMap":{"0":{"start":{"line":1,"column":0},"end":{"line":1,"column":32}},"1":{"start":{"line":2,"column":0},"end":{"line":2,"column":55}},"16":{"start":{"line":17,"column":0},"end":{"line":17,"column":30}},"17":{"start":{"line":18,"column":0},"end":{"line":18,"column":12}},"18":{"start":{"line":19,"column":0},"end":{"line":19,"column":19}},"19":{"start":{"line":20,"column":0},"end":{"line":20,"column":19}},"20":{"start":{"line":21,"column":0},"end":{"line":21,"column":24}},"21":{"start":{"line":22,"column":0},"end":{"line":22,"column":22}},"22":{"start":{"line":23,"column":0},"end":{"line":23,"column":21}},"23":{"start":{"line":24,"column":0},"end":{"line":24,"column":11}},"24":{"start":{"line":25,"column":0},"end":{"line":25,"column":20}},"25":{"start":{"line":26,"column":0},"end":{"line":26,"column":17}},"26":{"start":{"line":27,"column":0},"end":{"line":27,"column":11}},"27":{"start":{"line":28,"column":0},"end":{"line":28,"column":23}},"28":{"start":{"line":29,"column":0},"end":{"line":29,"column":84}},"30":{"start":{"line":31,"column":0},"end":{"line":31,"column":46}},"31":{"start":{"line":32,"column":0},"end":{"line":32,"column":50}},"32":{"start":{"line":33,"column":0},"end":{"line":33,"column":36}},"33":{"start":{"line":34,"column":0},"end":{"line":34,"column":34}},"34":{"start":{"line":35,"column":0},"end":{"line":35,"column":12}},"35":{"start":{"line":36,"column":0},"end":{"line":36,"column":31}},"36":{"start":{"line":37,"column":0},"end":{"line":37,"column":5}},"37":{"start":{"line":38,"column":0},"end":{"line":38,"column":37}},"38":{"start":{"line":39,"column":0},"end":{"line":39,"column":24}},"39":{"start":{"line":40,"column":0},"end":{"line":40,"column":3}},"41":{"start":{"line":42,"column":0},"end":{"line":42,"column":53}},"42":{"start":{"line":43,"column":0},"end":{"line":43,"column":30}},"43":{"start":{"line":44,"column":0},"end":{"line":44,"column":54}},"44":{"start":{"line":45,"column":0},"end":{"line":45,"column":28}},"45":{"start":{"line":46,"column":0},"end":{"line":46,"column":5}},"46":{"start":{"line":47,"column":0},"end":{"line":47,"column":3}},"48":{"start":{"line":49,"column":0},"end":{"line":49,"column":76}},"49":{"start":{"line":50,"column":0},"end":{"line":50,"column":61}},"50":{"start":{"line":51,"column":0},"end":{"line":51,"column":3}},"52":{"start":{"line":53,"column":0},"end":{"line":53,"column":33}},"53":{"start":{"line":54,"column":0},"end":{"line":54,"column":69}},"54":{"start":{"line":55,"column":0},"end":{"line":55,"column":81}},"55":{"start":{"line":56,"column":0},"end":{"line":56,"column":3}},"57":{"start":{"line":58,"column":0},"end":{"line":58,"column":34}},"58":{"start":{"line":59,"column":0},"end":{"line":59,"column":69}},"59":{"start":{"line":60,"column":0},"end":{"line":60,"column":82}},"60":{"start":{"line":61,"column":0},"end":{"line":61,"column":3}},"62":{"start":{"line":63,"column":0},"end":{"line":63,"column":75}},"64":{"start":{"line":65,"column":0},"end":{"line":65,"column":10}},"65":{"start":{"line":66,"column":0},"end":{"line":66,"column":8}},"66":{"start":{"line":67,"column":0},"end":{"line":67,"column":89}},"67":{"start":{"line":68,"column":0},"end":{"line":68,"column":27}},"69":{"start":{"line":70,"column":0},"end":{"line":70,"column":20}},"70":{"start":{"line":71,"column":0},"end":{"line":71,"column":63}},"71":{"start":{"line":72,"column":0},"end":{"line":72,"column":14}},"72":{"start":{"line":73,"column":0},"end":{"line":73,"column":72}},"73":{"start":{"line":74,"column":0},"end":{"line":74,"column":46}},"74":{"start":{"line":75,"column":0},"end":{"line":75,"column":23}},"75":{"start":{"line":76,"column":0},"end":{"line":76,"column":31}},"77":{"start":{"line":78,"column":0},"end":{"line":78,"column":19}},"78":{"start":{"line":79,"column":0},"end":{"line":79,"column":36}},"79":{"start":{"line":80,"column":0},"end":{"line":80,"column":21}},"80":{"start":{"line":81,"column":0},"end":{"line":81,"column":21}},"81":{"start":{"line":82,"column":0},"end":{"line":82,"column":20}},"82":{"start":{"line":83,"column":0},"end":{"line":83,"column":35}},"83":{"start":{"line":84,"column":0},"end":{"line":84,"column":29}},"84":{"start":{"line":85,"column":0},"end":{"line":85,"column":22}},"85":{"start":{"line":86,"column":0},"end":{"line":86,"column":17}},"86":{"start":{"line":87,"column":0},"end":{"line":87,"column":36}},"87":{"start":{"line":88,"column":0},"end":{"line":88,"column":33}},"88":{"start":{"line":89,"column":0},"end":{"line":89,"column":129}},"89":{"start":{"line":90,"column":0},"end":{"line":90,"column":20}},"90":{"start":{"line":91,"column":0},"end":{"line":91,"column":16}},"91":{"start":{"line":92,"column":0},"end":{"line":92,"column":43}},"92":{"start":{"line":93,"column":0},"end":{"line":93,"column":14}},"93":{"start":{"line":94,"column":0},"end":{"line":94,"column":36}},"94":{"start":{"line":95,"column":0},"end":{"line":95,"column":116}},"96":{"start":{"line":97,"column":0},"end":{"line":97,"column":14}},"98":{"start":{"line":99,"column":0},"end":{"line":99,"column":10}},"99":{"start":{"line":100,"column":0},"end":{"line":100,"column":37}},"100":{"start":{"line":101,"column":0},"end":{"line":101,"column":42}},"101":{"start":{"line":102,"column":0},"end":{"line":102,"column":56}},"102":{"start":{"line":103,"column":0},"end":{"line":103,"column":23}},"103":{"start":{"line":104,"column":0},"end":{"line":104,"column":63}},"104":{"start":{"line":105,"column":0},"end":{"line":105,"column":112}},"105":{"start":{"line":106,"column":0},"end":{"line":106,"column":49}},"106":{"start":{"line":107,"column":0},"end":{"line":107,"column":69}},"107":{"start":{"line":108,"column":0},"end":{"line":108,"column":44}},"108":{"start":{"line":109,"column":0},"end":{"line":109,"column":21}},"110":{"start":{"line":111,"column":0},"end":{"line":111,"column":88}},"111":{"start":{"line":112,"column":0},"end":{"line":112,"column":67}},"112":{"start":{"line":113,"column":0},"end":{"line":113,"column":61}},"113":{"start":{"line":114,"column":0},"end":{"line":114,"column":67}},"114":{"start":{"line":115,"column":0},"end":{"line":115,"column":27}},"116":{"start":{"line":117,"column":0},"end":{"line":117,"column":25}},"118":{"start":{"line":119,"column":0},"end":{"line":119,"column":67}},"119":{"start":{"line":120,"column":0},"end":{"line":120,"column":70}},"121":{"start":{"line":122,"column":0},"end":{"line":122,"column":24}},"124":{"start":{"line":125,"column":0},"end":{"line":125,"column":51}},"125":{"start":{"line":126,"column":0},"end":{"line":126,"column":66}},"126":{"start":{"line":127,"column":0},"end":{"line":127,"column":83}},"127":{"start":{"line":128,"column":0},"end":{"line":128,"column":59}},"128":{"start":{"line":129,"column":0},"end":{"line":129,"column":31}},"129":{"start":{"line":130,"column":0},"end":{"line":130,"column":51}},"130":{"start":{"line":131,"column":0},"end":{"line":131,"column":85}},"131":{"start":{"line":132,"column":0},"end":{"line":132,"column":25}},"133":{"start":{"line":134,"column":0},"end":{"line":134,"column":33}},"134":{"start":{"line":135,"column":0},"end":{"line":135,"column":31}},"135":{"start":{"line":136,"column":0},"end":{"line":136,"column":52}},"136":{"start":{"line":137,"column":0},"end":{"line":137,"column":85}},"137":{"start":{"line":138,"column":0},"end":{"line":138,"column":25}},"139":{"start":{"line":140,"column":0},"end":{"line":140,"column":33}},"140":{"start":{"line":141,"column":0},"end":{"line":141,"column":28}},"142":{"start":{"line":143,"column":0},"end":{"line":143,"column":76}},"143":{"start":{"line":144,"column":0},"end":{"line":144,"column":33}},"144":{"start":{"line":145,"column":0},"end":{"line":145,"column":42}},"145":{"start":{"line":146,"column":0},"end":{"line":146,"column":58}},"146":{"start":{"line":147,"column":0},"end":{"line":147,"column":44}},"147":{"start":{"line":148,"column":0},"end":{"line":148,"column":76}},"148":{"start":{"line":149,"column":0},"end":{"line":149,"column":93}},"149":{"start":{"line":150,"column":0},"end":{"line":150,"column":57}},"150":{"start":{"line":151,"column":0},"end":{"line":151,"column":26}},"151":{"start":{"line":152,"column":0},"end":{"line":152,"column":25}},"152":{"start":{"line":153,"column":0},"end":{"line":153,"column":26}},"154":{"start":{"line":155,"column":0},"end":{"line":155,"column":20}},"155":{"start":{"line":156,"column":0},"end":{"line":156,"column":15}},"156":{"start":{"line":157,"column":0},"end":{"line":157,"column":16}},"157":{"start":{"line":158,"column":0},"end":{"line":158,"column":11}},"159":{"start":{"line":160,"column":0},"end":{"line":160,"column":10}},"161":{"start":{"line":162,"column":0},"end":{"line":162,"column":1}}},"s":{"0":1,"1":1,"16":1,"17":20,"18":20,"19":20,"20":20,"21":20,"22":20,"23":20,"24":20,"25":20,"26":20,"27":20,"28":20,"30":20,"31":5,"32":5,"33":0,"34":5,"35":5,"36":5,"37":5,"38":5,"39":5,"41":20,"42":5,"43":5,"44":5,"45":5,"46":5,"48":20,"49":1,"50":1,"52":20,"53":0,"54":0,"55":0,"57":20,"58":0,"59":0,"60":0,"62":20,"64":20,"65":20,"66":20,"67":20,"69":20,"70":3,"71":3,"72":3,"73":3,"74":3,"75":3,"77":3,"78":3,"79":3,"80":3,"81":3,"82":3,"83":3,"84":3,"85":3,"86":3,"87":3,"88":3,"89":3,"90":3,"91":3,"92":3,"93":17,"94":1,"96":1,"98":16,"99":16,"100":16,"101":23,"102":23,"103":23,"104":23,"105":23,"106":16,"107":7,"108":23,"110":23,"111":23,"112":22,"113":22,"114":22,"116":23,"118":23,"119":1,"121":1,"124":23,"125":5,"126":5,"127":5,"128":5,"129":5,"130":5,"131":5,"133":5,"134":5,"135":5,"136":5,"137":5,"139":5,"140":5,"142":5,"143":9,"144":9,"145":9,"146":9,"147":9,"148":9,"149":9,"150":9,"151":5,"152":5,"154":23,"155":16,"156":16,"157":16,"159":20,"161":20},"branchMap":{"0":{"type":"branch","line":17,"loc":{"start":{"line":17,"column":7},"end":{"line":162,"column":1}},"locations":[{"start":{"line":17,"column":7},"end":{"line":162,"column":1}}]},"1":{"type":"branch","line":63,"loc":{"start":{"line":63,"column":68},"end":{"line":63,"column":75}},"locations":[{"start":{"line":63,"column":68},"end":{"line":63,"column":75}}]},"2":{"type":"branch","line":67,"loc":{"start":{"line":67,"column":44},"end":{"line":67,"column":71}},"locations":[{"start":{"line":67,"column":44},"end":{"line":67,"column":71}}]},"3":{"type":"branch","line":67,"loc":{"start":{"line":67,"column":56},"end":{"line":67,"column":73}},"locations":[{"start":{"line":67,"column":56},"end":{"line":67,"column":73}}]},"4":{"type":"branch","line":68,"loc":{"start":{"line":68,"column":11},"end":{"line":68,"column":27}},"locations":[{"start":{"line":68,"column":11},"end":{"line":68,"column":27}}]},"5":{"type":"branch","line":70,"loc":{"start":{"line":70,"column":7},"end":{"line":93,"column":14}},"locations":[{"start":{"line":70,"column":7},"end":{"line":93,"column":14}}]},"6":{"type":"branch","line":93,"loc":{"start":{"line":93,"column":8},"end":{"line":158,"column":11}},"locations":[{"start":{"line":93,"column":8},"end":{"line":158,"column":11}}]},"7":{"type":"branch","line":94,"loc":{"start":{"line":94,"column":31},"end":{"line":97,"column":14}},"locations":[{"start":{"line":94,"column":31},"end":{"line":97,"column":14}}]},"8":{"type":"branch","line":97,"loc":{"start":{"line":97,"column":8},"end":{"line":158,"column":11}},"locations":[{"start":{"line":97,"column":8},"end":{"line":158,"column":11}}]},"9":{"type":"branch","line":31,"loc":{"start":{"line":31,"column":23},"end":{"line":40,"column":3}},"locations":[{"start":{"line":31,"column":23},"end":{"line":40,"column":3}}]},"10":{"type":"branch","line":33,"loc":{"start":{"line":33,"column":35},"end":{"line":35,"column":11}},"locations":[{"start":{"line":33,"column":35},"end":{"line":35,"column":11}}]},"11":{"type":"branch","line":42,"loc":{"start":{"line":42,"column":30},"end":{"line":47,"column":3}},"locations":[{"start":{"line":42,"column":30},"end":{"line":47,"column":3}}]},"12":{"type":"branch","line":49,"loc":{"start":{"line":49,"column":33},"end":{"line":51,"column":3}},"locations":[{"start":{"line":49,"column":33},"end":{"line":51,"column":3}}]},"13":{"type":"branch","line":101,"loc":{"start":{"line":101,"column":27},"end":{"line":155,"column":20}},"locations":[{"start":{"line":101,"column":27},"end":{"line":155,"column":20}}]},"14":{"type":"branch","line":106,"loc":{"start":{"line":106,"column":41},"end":{"line":107,"column":69}},"locations":[{"start":{"line":106,"column":41},"end":{"line":107,"column":69}}]},"15":{"type":"branch","line":107,"loc":{"start":{"line":107,"column":24},"end":{"line":108,"column":44}},"locations":[{"start":{"line":107,"column":24},"end":{"line":108,"column":44}}]},"16":{"type":"branch","line":112,"loc":{"start":{"line":112,"column":61},"end":{"line":115,"column":27}},"locations":[{"start":{"line":112,"column":61},"end":{"line":115,"column":27}}]},"17":{"type":"branch","line":114,"loc":{"start":{"line":114,"column":53},"end":{"line":114,"column":63}},"locations":[{"start":{"line":114,"column":53},"end":{"line":114,"column":63}}]},"18":{"type":"branch","line":114,"loc":{"start":{"line":114,"column":57},"end":{"line":114,"column":67}},"locations":[{"start":{"line":114,"column":57},"end":{"line":114,"column":67}}]},"19":{"type":"branch","line":119,"loc":{"start":{"line":119,"column":61},"end":{"line":122,"column":24}},"locations":[{"start":{"line":119,"column":61},"end":{"line":122,"column":24}}]},"20":{"type":"branch","line":125,"loc":{"start":{"line":125,"column":47},"end":{"line":126,"column":66}},"locations":[{"start":{"line":125,"column":47},"end":{"line":126,"column":66}}]},"21":{"type":"branch","line":126,"loc":{"start":{"line":126,"column":60},"end":{"line":153,"column":26}},"locations":[{"start":{"line":126,"column":60},"end":{"line":153,"column":26}}]},"22":{"type":"branch","line":104,"loc":{"start":{"line":104,"column":27},"end":{"line":104,"column":63}},"locations":[{"start":{"line":104,"column":27},"end":{"line":104,"column":63}}]},"23":{"type":"branch","line":143,"loc":{"start":{"line":143,"column":59},"end":{"line":151,"column":26}},"locations":[{"start":{"line":143,"column":59},"end":{"line":151,"column":26}}]},"24":{"type":"branch","line":149,"loc":{"start":{"line":149,"column":36},"end":{"line":149,"column":93}},"locations":[{"start":{"line":149,"column":36},"end":{"line":149,"column":93}}]}},"b":{"0":[20],"1":[4],"2":[3],"3":[17],"4":[19],"5":[3],"6":[17],"7":[1],"8":[16],"9":[5],"10":[0],"11":[5],"12":[1],"13":[23],"14":[16],"15":[7],"16":[22],"17":[5],"18":[17],"19":[1],"20":[5],"21":[5],"22":[5],"23":[9],"24":[1]},"fnMap":{"0":{"name":"DatabaseTree","decl":{"start":{"line":17,"column":7},"end":{"line":162,"column":1}},"loc":{"start":{"line":17,"column":7},"end":{"line":162,"column":1}},"line":17},"1":{"name":"toggleExpand","decl":{"start":{"line":31,"column":23},"end":{"line":40,"column":3}},"loc":{"start":{"line":31,"column":23},"end":{"line":40,"column":3}},"line":31},"2":{"name":"handleDatabaseClick","decl":{"start":{"line":42,"column":30},"end":{"line":47,"column":3}},"loc":{"start":{"line":42,"column":30},"end":{"line":47,"column":3}},"line":42},"3":{"name":"handleCollectionChange","decl":{"start":{"line":49,"column":33},"end":{"line":51,"column":3}},"loc":{"start":{"line":49,"column":33},"end":{"line":51,"column":3}},"line":49},"4":{"name":"handleSelectAll","decl":{"start":{"line":53,"column":26},"end":{"line":56,"column":3}},"loc":{"start":{"line":53,"column":26},"end":{"line":56,"column":3}},"line":53},"5":{"name":"handleSelectNone","decl":{"start":{"line":58,"column":27},"end":{"line":61,"column":3}},"loc":{"start":{"line":58,"column":27},"end":{"line":61,"column":3}},"line":58},"6":{"name":"onClick","decl":{"start":{"line":104,"column":27},"end":{"line":104,"column":63}},"loc":{"start":{"line":104,"column":27},"end":{"line":104,"column":63}},"line":104},"7":{"name":"onChange","decl":{"start":{"line":149,"column":36},"end":{"line":149,"column":93}},"loc":{"start":{"line":149,"column":36},"end":{"line":149,"column":93}},"line":149}},"f":{"0":20,"1":5,"2":5,"3":1,"4":0,"5":0,"6":5,"7":1}}
,"/Users/chiya/GIT/OpenCode-Work/mongo-compare/mongo-diff-ui/src/components/collection/index.ts": {"path":"/Users/chiya/GIT/OpenCode-Work/mongo-compare/mongo-diff-ui/src/components/collection/index.ts","all":true,"statementMap":{"0":{"start":{"line":1,"column":0},"end":{"line":1,"column":78}},"1":{"start":{"line":2,"column":0},"end":{"line":2,"column":72}},"2":{"start":{"line":3,"column":0},"end":{"line":3,"column":93}}},"s":{"0":0,"1":0,"2":0},"branchMap":{"0":{"type":"branch","line":1,"loc":{"start":{"line":1,"column":245},"end":{"line":3,"column":93}},"locations":[{"start":{"line":1,"column":245},"end":{"line":3,"column":93}}]}},"b":{"0":[0]},"fnMap":{"0":{"name":"(empty-report)","decl":{"start":{"line":1,"column":245},"end":{"line":3,"column":93}},"loc":{"start":{"line":1,"column":245},"end":{"line":3,"column":93}},"line":1}},"f":{"0":0}}
,"/Users/chiya/GIT/OpenCode-Work/mongo-compare/mongo-diff-ui/src/components/common/Button.tsx": {"path":"/Users/chiya/GIT/OpenCode-Work/mongo-compare/mongo-diff-ui/src/components/common/Button.tsx","all":false,"statementMap":{"9":{"start":{"line":10,"column":0},"end":{"line":10,"column":24}},"10":{"start":{"line":11,"column":0},"end":{"line":11,"column":11}},"11":{"start":{"line":12,"column":0},"end":{"line":12,"column":22}},"12":{"start":{"line":13,"column":0},"end":{"line":13,"column":14}},"13":{"start":{"line":14,"column":0},"end":{"line":14,"column":20}},"14":{"start":{"line":15,"column":0},"end":{"line":15,"column":17}},"15":{"start":{"line":16,"column":0},"end":{"line":16,"column":11}},"16":{"start":{"line":17,"column":0},"end":{"line":17,"column":10}},"17":{"start":{"line":18,"column":0},"end":{"line":18,"column":17}},"18":{"start":{"line":19,"column":0},"end":{"line":19,"column":203}},"20":{"start":{"line":21,"column":0},"end":{"line":21,"column":20}},"21":{"start":{"line":22,"column":0},"end":{"line":22,"column":85}},"22":{"start":{"line":23,"column":0},"end":{"line":23,"column":85}},"23":{"start":{"line":24,"column":0},"end":{"line":24,"column":85}},"24":{"start":{"line":25,"column":0},"end":{"line":25,"column":75}},"25":{"start":{"line":26,"column":0},"end":{"line":26,"column":3}},"27":{"start":{"line":28,"column":0},"end":{"line":28,"column":17}},"28":{"start":{"line":29,"column":0},"end":{"line":29,"column":30}},"29":{"start":{"line":30,"column":0},"end":{"line":30,"column":28}},"30":{"start":{"line":31,"column":0},"end":{"line":31,"column":30}},"31":{"start":{"line":32,"column":0},"end":{"line":32,"column":3}},"33":{"start":{"line":34,"column":0},"end":{"line":34,"column":10}},"34":{"start":{"line":35,"column":0},"end":{"line":35,"column":11}},"35":{"start":{"line":36,"column":0},"end":{"line":36,"column":82}},"36":{"start":{"line":37,"column":0},"end":{"line":37,"column":38}},"37":{"start":{"line":38,"column":0},"end":{"line":38,"column":16}},"39":{"start":{"line":40,"column":0},"end":{"line":40,"column":20}},"40":{"start":{"line":41,"column":0},"end":{"line":41,"column":12}},"41":{"start":{"line":42,"column":0},"end":{"line":42,"column":66}},"42":{"start":{"line":43,"column":0},"end":{"line":43,"column":44}},"43":{"start":{"line":44,"column":0},"end":{"line":44,"column":21}},"44":{"start":{"line":45,"column":0},"end":{"line":45,"column":29}},"46":{"start":{"line":47,"column":0},"end":{"line":47,"column":17}},"47":{"start":{"line":48,"column":0},"end":{"line":48,"column":34}},"48":{"start":{"line":49,"column":0},"end":{"line":49,"column":19}},"49":{"start":{"line":50,"column":0},"end":{"line":50,"column":19}},"50":{"start":{"line":51,"column":0},"end":{"line":51,"column":18}},"51":{"start":{"line":52,"column":0},"end":{"line":52,"column":33}},"52":{"start":{"line":53,"column":0},"end":{"line":53,"column":27}},"53":{"start":{"line":54,"column":0},"end":{"line":54,"column":20}},"54":{"start":{"line":55,"column":0},"end":{"line":55,"column":15}},"55":{"start":{"line":56,"column":0},"end":{"line":56,"column":34}},"56":{"start":{"line":57,"column":0},"end":{"line":57,"column":31}},"57":{"start":{"line":58,"column":0},"end":{"line":58,"column":127}},"58":{"start":{"line":59,"column":0},"end":{"line":59,"column":18}},"59":{"start":{"line":60,"column":0},"end":{"line":60,"column":14}},"60":{"start":{"line":61,"column":0},"end":{"line":61,"column":15}},"61":{"start":{"line":62,"column":0},"end":{"line":62,"column":16}},"62":{"start":{"line":63,"column":0},"end":{"line":63,"column":13}},"64":{"start":{"line":65,"column":0},"end":{"line":65,"column":1}}},"s":{"9":1,"10":267,"11":267,"12":267,"13":267,"14":267,"15":267,"16":267,"17":267,"18":267,"20":267,"21":267,"22":267,"23":267,"24":267,"25":267,"27":267,"28":267,"29":267,"30":267,"31":267,"33":267,"34":267,"35":267,"36":267,"37":267,"39":267,"40":2,"41":2,"42":2,"43":2,"44":2,"46":2,"47":2,"48":2,"49":2,"50":2,"51":2,"52":2,"53":2,"54":2,"55":2,"56":2,"57":2,"58":2,"59":2,"60":265,"61":267,"62":267,"64":267},"branchMap":{"0":{"type":"branch","line":10,"loc":{"start":{"line":10,"column":7},"end":{"line":65,"column":1}},"locations":[{"start":{"line":10,"column":7},"end":{"line":65,"column":1}}]},"1":{"type":"branch","line":37,"loc":{"start":{"line":37,"column":16},"end":{"line":37,"column":38}},"locations":[{"start":{"line":37,"column":16},"end":{"line":37,"column":38}}]},"2":{"type":"branch","line":40,"loc":{"start":{"line":40,"column":7},"end":{"line":60,"column":14}},"locations":[{"start":{"line":40,"column":7},"end":{"line":60,"column":14}}]},"3":{"type":"branch","line":60,"loc":{"start":{"line":60,"column":8},"end":{"line":61,"column":15}},"locations":[{"start":{"line":60,"column":8},"end":{"line":61,"column":1
[...]
"column":10}},"87":{"start":{"line":88,"column":0},"end":{"line":88,"column":7}},"88":{"start":{"line":89,"column":0},"end":{"line":89,"column":5}},"89":{"start":{"line":90,"column":0},"end":{"line":90,"column":3}},"91":{"start":{"line":92,"column":0},"end":{"line":92,"column":23}},"92":{"start":{"line":93,"column":0},"end":{"line":93,"column":29}},"93":{"start":{"line":94,"column":0},"end":{"line":94,"column":20}},"94":{"start":{"line":95,"column":0},"end":{"line":95,"column":24}},"95":{"start":{"line":96,"column":0},"end":{"line":96,"column":61}},"96":{"start":{"line":97,"column":0},"end":{"line":97,"column":22}},"97":{"start":{"line":98,"column":0},"end":{"line":98,"column":22}},"98":{"start":{"line":99,"column":0},"end":{"line":99,"column":78}},"99":{"start":{"line":100,"column":0},"end":{"line":100,"column":7}},"100":{"start":{"line":101,"column":0},"end":{"line":101,"column":5}},"102":{"start":{"line":103,"column":0},"end":{"line":103,"column":9}},"103":{"start":{"line":104,"column":0},"end":{"line":104,"column":47}},"104":{"start":{"line":105,"column":0},"end":{"line":105,"column":62}},"105":{"start":{"line":106,"column":0},"end":{"line":106,"column":61}},"106":{"start":{"line":107,"column":0},"end":{"line":107,"column":21}},"107":{"start":{"line":108,"column":0},"end":{"line":108,"column":22}},"108":{"start":{"line":109,"column":0},"end":{"line":109,"column":65}},"109":{"start":{"line":110,"column":0},"end":{"line":110,"column":64}},"110":{"start":{"line":111,"column":0},"end":{"line":111,"column":10}},"111":{"start":{"line":112,"column":0},"end":{"line":112,"column":7}},"112":{"start":{"line":113,"column":0},"end":{"line":113,"column":5}},"113":{"start":{"line":114,"column":0},"end":{"line":114,"column":3}},"115":{"start":{"line":116,"column":0},"end":{"line":116,"column":26}},"116":{"start":{"line":117,"column":0},"end":{"line":117,"column":29}},"117":{"start":{"line":118,"column":0},"end":{"line":118,"column":21}},"118":{"start":{"line":119,"column":0},"end":{"line":119,"column":22}},"119":{"start":{"line":120,"column":0},"end":{"line":120,"column":46}},"120":{"start":{"line":121,"column":0},"end":{"line":121,"column":61}},"121":{"start":{"line":122,"column":0},"end":{"line":122,"column":22}},"122":{"start":{"line":123,"column":0},"end":{"line":123,"column":22}},"123":{"start":{"line":124,"column":0},"end":{"line":124,"column":78}},"124":{"start":{"line":125,"column":0},"end":{"line":125,"column":7}},"125":{"start":{"line":126,"column":0},"end":{"line":126,"column":5}},"127":{"start":{"line":128,"column":0},"end":{"line":128,"column":9}},"128":{"start":{"line":129,"column":0},"end":{"line":129,"column":47}},"129":{"start":{"line":130,"column":0},"end":{"line":130,"column":61}},"130":{"start":{"line":131,"column":0},"end":{"line":131,"column":16}},"131":{"start":{"line":132,"column":0},"end":{"line":132,"column":21}},"132":{"start":{"line":133,"column":0},"end":{"line":133,"column":22}},"133":{"start":{"line":134,"column":0},"end":{"line":134,"column":75}},"134":{"start":{"line":135,"column":0},"end":{"line":135,"column":64}},"135":{"start":{"line":136,"column":0},"end":{"line":136,"column":10}},"136":{"start":{"line":137,"column":0},"end":{"line":137,"column":7}},"137":{"start":{"line":138,"column":0},"end":{"line":138,"column":5}},"138":{"start":{"line":139,"column":0},"end":{"line":139,"column":3}},"140":{"start":{"line":141,"column":0},"end":{"line":141,"column":50}},"141":{"start":{"line":142,"column":0},"end":{"line":142,"column":55}},"142":{"start":{"line":143,"column":0},"end":{"line":143,"column":3}},"144":{"start":{"line":145,"column":0},"end":{"line":145,"column":35}},"145":{"start":{"line":146,"column":0},"end":{"line":146,"column":61}},"146":{"start":{"line":147,"column":0},"end":{"line":147,"column":28}},"147":{"start":{"line":148,"column":0},"end":{"line":148,"column":34}},"149":{"start":{"line":150,"column":0},"end":{"line":150,"column":22}},"150":{"start":{"line":151,"column":0},"end":{"line":151,"column":68}},"151":{"start":{"line":152,"column":0},"end":{"line":152,"column":5}},"152":{"start":{"line":153,"column":0},"end":{"line":153,"column":3}},"153":{"start":{"line":154,"column":0},"end":{"line":154,"column":1}}},"s":{"0":1,"13":1,"14":1,"15":6,"17":1,"18":0,"19":0,"20":0,"21":0,"22":0,"23":0,"24":0,"26":0,"27":0,"28":0,"29":0,"30":0,"31":0,"33":0,"34":0,"35":0,"36":0,"37":0,"38":0,"39":0,"40":0,"41":0,"43":0,"45":0,"46":0,"47":0,"49":0,"50":0,"52":0,"53":0,"54":0,"55":0,"56":0,"57":0,"58":0,"59":0,"60":0,"62":1,"63":1,"64":1,"65":0,"66":0,"67":0,"68":0,"69":1,"71":1,"72":1,"73":1,"74":1,"75":1,"76":1,"77":1,"79":0,"80":0,"81":0,"82":0,"83":0,"84":0,"85":0,"86":0,"87":0,"88":0,"89":1,"91":1,"92":1,"93":1,"94":1,"95":1,"96":1,"97":1,"98":1,"99":1,"100":1,"102":0,"103":0,"104":0,"105":0,"106":0,"107":0,"108":0,"109":0,"110":0,"111":0,"112":0,"113":1,"115":1,"116":1,"117":1,"118":1,"119":1,"120":1,"121":1,"122":1,"123":1,"124":1,"125":1,"127":0,"128":0,"129":0,"130":0,"131":0,"132":0,"133":0,"134":0,"135":0,"136":0,"137":0,"138":1,"140":1,"141":1,"142":1,"144":1,"145":1,"146":1,"147":1,"149":1,"150":1,"151":1,"152":1,"153":1},"branchMap":{"0":{"type":"branch","line":15,"loc":{"start":{"line":15,"column":10},"end":{"line":16,"column":52}},"locations":[{"start":{"line":15,"column":10},"end":{"line":16,"column":52}}]},"1":{"type":"branch","line":63,"loc":{"start":{"line":63,"column":2},"end":{"line":70,"column":3}},"locations":[{"start":{"line":63,"column":2},"end":{"line":70,"column":3}}]},"2":{"type":"branch","line":65,"loc":{"start":{"line":65,"column":20},"end":{"line":69,"column":5}},"locations":[{"start":{"line":65,"column":20},"end":{"line":69,"column":5}}]},"3":{"type":"branch","line":72,"loc":{"start":{"line":72,"column":2},"end":{"line":90,"column":3}},"locations":[{"start":{"line":72,"column":2},"end":{"line":90,"column":3}}]},"4":{"type":"branch","line":78,"loc":{"start":{"line":78,"column":4},"end":{"line":89,"column":5}},"locations":[{"start":{"line":78,"column":4},"end":{"line":89,"column":5}}]},"5":{"type":"branch","line":92,"loc":{"start":{"line":92,"column":2},"end":{"line":114,"column":3}},"locations":[{"start":{"line":92,"column":2},"end":{"line":114,"column":3}}]},"6":{"type":"branch","line":101,"loc":{"start":{"line":101,"column":4},"end":{"line":113,"column":5}},"locations":[{"start":{"line":101,"column":4},"end":{"line":113,"column":5}}]},"7":{"type":"branch","line":116,"loc":{"start":{"line":116,"column":2},"end":{"line":139,"column":3}},"locations":[{"start":{"line":116,"column":2},"end":{"line":139,"column":3}}]},"8":{"type":"branch","line":126,"loc":{"start":{"line":126,"column":4},"end":{"line":138,"column":5}},"locations":[{"start":{"line":126,"column":4},"end":{"line":138,"column":5}}]},"9":{"type":"branch","line":141,"loc":{"start":{"line":141,"column":2},"end":{"line":143,"column":3}},"locations":[{"start":{"line":141,"column":2},"end":{"line":143,"column":3}}]},"10":{"type":"branch","line":145,"loc":{"start":{"line":145,"column":2},"end":{"line":153,"column":3}},"locations":[{"start":{"line":145,"column":2},"end":{"line":153,"column":3}}]}},"b":{"0":[6],"1":[1],"2":[0],"3":[1],"4":[0],"5":[1],"6":[0],"7":[1],"8":[0],"9":[1],"10":[1]},"fnMap":{"0":{"name":"<instance_members_initializer>","decl":{"start":{"line":15,"column":10},"end":{"line":16,"column":52}},"loc":{"start":{"line":15,"column":10},"end":{"line":16,"column":52}},"line":15},"1":{"name":"connect","decl":{"start":{"line":18,"column":2},"end":{"line":61,"column":3}},"loc":{"start":{"line":18,"column":2},"end":{"line":61,"column":3}},"line":18},"2":{"name":"disconnect","decl":{"start":{"line":63,"column":2},"end":{"line":70,"column":3}},"loc":{"start":{"line":63,"column":2},"end":{"line":70,"column":3}},"line":63},"3":{"name":"getDatabases","decl":{"start":{"line":72,"column":2},"end":{"line":90,"column":3}},"loc":{"start":{"line":72,"column":2},"end":{"line":90,"column":3}},"line":72},"4":{"name":"getCollections","decl":{"start":{"line":92,"column":2},"end":{"line":114,"column":3}},"loc":{"start":{"line":92,"column":2},"end":{"line":114,"column":3}},"line":92},"5":{"name":"getSampleDocument","decl":{"start":{"line":116,"column":2},"end":{"line":139,"column":3}},"loc":{"start":{"line":116,"column":2},"end":{"line":139,"column":3}},"line":116},"6":{"name":"isConnected","decl":{"start":{"line":141,"column":2},"end":{"line":143,"column":3}},"loc":{"start":{"line":141,"column":2},"end":{"line":143,"column":3}},"line":141},"7":{"name":"closeAll","decl":{"start":{"line":145,"column":2},"end":{"line":153,"column":3}},"loc":{"start":{"line":145,"column":2},"end":{"line":153,"column":3}},"line":145}},"f":{"0":6,"1":0,"2":1,"3":1,"4":1,"5":1,"6":1,"7":1}}
,"/Users/chiya/GIT/OpenCode-Work/mongo-compare/mongo-diff-ui/src/services/snapshotService.ts": {"path":"/Users/chiya/GIT/OpenCode-Work/mongo-compare/mongo-diff-ui/src/services/snapshotService.ts","all":false,"statementMap":{"2":{"start":{"line":3,"column":0},"end":{"line":3,"column":30}},"3":{"start":{"line":4,"column":0},"end":{"line":4,"column":55}},"5":{"start":{"line":6,"column":0},"end":{"line":6,"column":49}},"6":{"start":{"line":7,"column":0},"end":{"line":7,"column":39}},"7":{"start":{"line":8,"column":0},"end":{"line":8,"column":28}},"8":{"start":{"line":9,"column":0},"end":{"line":9,"column":18}},"9":{"start":{"line":10,"column":0},"end":{"line":10,"column":45}},"10":{"start":{"line":11,"column":0},"end":{"line":11,"column":5}},"11":{"start":{"line":12,"column":0},"end":{"line":12,"column":80}},"13":{"start":{"line":14,"column":0},"end":{"line":14,"column":29}},"14":{"start":{"line":15,"column":0},"end":{"line":15,"column":47}},"15":{"start":{"line":16,"column":0},"end":{"line":16,"column":12}},"16":{"start":{"line":17,"column":0},"end":{"line":17,"column":36}},"17":{"start":{"line":18,"column":0},"end":{"line":18,"column":5}},"19":{"start":{"line":20,"column":0},"end":{"line":20,"column":69}},"20":{"start":{"line":21,"column":0},"end":{"line":21,"column":3}},"22":{"start":{"line":23,"column":0},"end":{"line":23,"column":37}},"23":{"start":{"line":24,"column":0},"end":{"line":24,"column":57}},"24":{"start":{"line":25,"column":0},"end":{"line":25,"column":18}},"25":{"start":{"line":26,"column":0},"end":{"line":26,"column":15}},"26":{"start":{"line":27,"column":0},"end":{"line":27,"column":5}},"28":{"start":{"line":29,"column":0},"end":{"line":29,"column":9}},"29":{"start":{"line":30,"column":0},"end":{"line":30,"column":54}},"30":{"start":{"line":31,"column":0},"end":{"line":31,"column":104}},"31":{"start":{"line":32,"column":0},"end":{"line":32,"column":13}},"32":{"start":{"line":33,"column":0},"end":{"line":33,"column":15}},"33":{"start":{"line":34,"column":0},"end":{"line":34,"column":5}},"34":{"start":{"line":35,"column":0},"end":{"line":35,"column":3}},"36":{"start":{"line":37,"column":0},"end":{"line":37,"column":43}},"37":{"start":{"line":38,"column":0},"end":{"line":38,"column":39}},"38":{"start":{"line":39,"column":0},"end":{"line":39,"column":57}},"39":{"start":{"line":40,"column":0},"end":{"line":40,"column":68}},"40":{"start":{"line":41,"column":0},"end":{"line":41,"column":3}},"42":{"start":{"line":43,"column":0},"end":{"line":43,"column":32}},"43":{"start":{"line":44,"column":0},"end":{"line":44,"column":45}},"44":{"start":{"line":45,"column":0},"end":{"line":45,"column":3}},"45":{"start":{"line":46,"column":0},"end":{"line":46,"column":1}}},"s":{"2":1,"3":1,"5":1,"6":13,"7":13,"8":13,"9":13,"10":13,"11":13,"13":13,"14":0,"15":13,"16":13,"17":13,"19":13,"20":13,"22":1,"23":26,"24":26,"25":14,"26":14,"28":12,"29":12,"30":12,"31":21,"32":0,"33":0,"34":26,"36":1,"37":3,"38":3,"39":3,"40":3,"42":1,"43":0,"44":0,"45":1},"branchMap":{"0":{"type":"branch","line":4,"loc":{"start":{"line":4,"column":19},"end":{"line":4,"column":55}},"locations":[{"start":{"line":4,"column":19},"end":{"line":4,"column":55}}]},"1":{"type":"branch","line":6,"loc":{"start":{"line":6,"column":2},"end":{"line":21,"column":3}},"locations":[{"start":{"line":6,"column":2},"end":{"line":21,"column":3}}]},"2":{"type":"branch","line":10,"loc":{"start":{"line":10,"column":19},"end":{"line":10,"column":45}},"locations":[{"start":{"line":10,"column":19},"end":{"line":10,"column":45}}]},"3":{"type":"branch","line":14,"loc":{"start":{"line":14,"column":28},"end":{"line":16,"column":11}},"locations":[{"start":{"line":14,"column":28},"end":{"line":16,"column":11}}]},"4":{"type":"branch","line":12,"loc":{"start":{"line":12,"column":46},"end":{"line":12,"column":79}},"locations":[{"start":{"line":12,"column":46},"end":{"line":12,"column":79}}]},"5":{"type":"branch","line":23,"loc":{"start":{"line":23,"column":2},"end":{"line":35,"column":3}},"locations":[{"start":{"line":23,"column":2},"end":{"line":35,"column":3}}]},"6":{"type":"branch","line":25,"loc":{"start":{"line":25,"column":17},"end":{"line":27,"column":5}},"locations":[{"start":{"line":25,"column":17},"end":{"line":27,"column":5}}]},"7":{"type":"branch","line":27,"loc":{"start":{"line":27,"column":4},"end":{"line":34,"column":5}},"locations":[{"start":{"line":27,"column":4},"end":{"line":34,"column":5}}]},"8":{"type":"branch","line":27,"loc":{"start":{"line":27,"column":4},"end":{"line":32,"column":12}},"locations":[{"start":{"line":27,"column":4},"end":{"line":32,"column":12}}]},"9":{"type":"branch","line":32,"loc":{"start":{"line":32,"column":4},"end":{"line":34,"column":5}},"locations":[{"start":{"line":32,"column":4},"end":{"line":34,"column":5}}]},"10":{"type":"branch","line":31,"loc":{"start":{"line":31,"column":28},"end":{"line":31,"column":103}},"locations":[{"start":{"line":31,"column":28},"end":{"line":31,"column":103}}]},"11":{"type":"branch","line":37,"loc":{"start":{"line":37,"column":2},"end":{"line":41,"column":3}},"locations":[{"start":{"line":37,"column":2},"end":{"line":41,"column":3}}]},"12":{"type":"branch","line":39,"loc":{"start":{"line":39,"column":38},"end":{"line":39,"column":56}},"locations":[{"start":{"line":39,"column":38},"end":{"line":39,"column":56}}]}},"b":{"0":[20],"1":[13],"2":[1],"3":[0],"4":[7],"5":[26],"6":[14],"7":[21],"8":[12],"9":[0],"10":[7],"11":[3],"12":[4]},"fnMap":{"0":{"name":"<instance_members_initializer>","decl":{"start":{"line":4,"column":19},"end":{"line":4,"column":55}},"loc":{"start":{"line":4,"column":19},"end":{"line":4,"column":55}},"line":4},"1":{"name":"save","decl":{"start":{"line":6,"column":2},"end":{"line":21,"column":3}},"loc":{"start":{"line":6,"column":2},"end":{"line":21,"column":3}},"line":6},"2":{"name":"load","decl":{"start":{"line":23,"column":2},"end":{"line":35,"column":3}},"loc":{"start":{"line":23,"column":2},"end":{"line":35,"column":3}},"line":23},"3":{"name":"delete","decl":{"start":{"line":37,"column":2},"end":{"line":41,"column":3}},"loc":{"start":{"line":37,"column":2},"end":{"line":41,"column":3}},"line":37},"4":{"name":"clear","decl":{"start":{"line":43,"column":2},"end":{"line":45,"column":3}},"loc":{"start":{"line":43,"column":2},"end":{"line":45,"column":3}},"line":43}},"f":{"0":20,"1":13,"2":26,"3":3,"4":0}}
,"/Users/chiya/GIT/OpenCode-Work/mongo-compare/mongo-diff-ui/src/types/collection.ts": {"path":"/Users/chiya/GIT/OpenCode-Work/mongo-compare/mongo-diff-ui/src/types/collection.ts","all":true,"statementMap":{},"s":{},"branchMap":{"0":{"type":"branch","line":1,"loc":{"start":{"line":1,"column":154},"end":{"line":7,"column":1}},"locations":[{"start":{"line":1,"column":154},"end":{"line":7,"column":1}}]}},"b":{"0":[1]},"fnMap":{"0":{"name":"(empty-report)","decl":{"start":{"line":1,"column":154},"end":{"line":7,"column":1}},"loc":{"start":{"line":1,"column":154},"end":{"line":7,"column":1}},"line":1}},"f":{"0":1}}
,"/Users/chiya/GIT/OpenCode-Work/mongo-compare/mongo-diff-ui/src/types/comparison.ts": {"path":"/Users/chiya/GIT/OpenCode-Work/mongo-compare/mongo-diff-ui/src/types/comparison.ts","all":true,"statementMap":{},"s":{},"branchMap":{"0":{"type":"branch","line":1,"loc":{"start":{"line":1,"column":392},"end":{"line":12,"column":1}},"locations":[{"start":{"line":1,"column":392},"end":{"line":12,"column":1}}]}},"b":{"0":[1]},"fnMap":{"0":{"name":"(empty-report)","decl":{"start":{"line":1,"column":392},"end":{"line":12,"column":1}},"loc":{"start":{"line":1,"column":392},"end":{"line":12,"column":1}},"line":1}},"f":{"0":1}}
,"/Users/chiya/GIT/OpenCode-Work/mongo-compare/mongo-diff-ui/src/types/connection.ts": {"path":"/Users/chiya/GIT/OpenCode-Work/mongo-compare/mongo-diff-ui/src/types/connection.ts","all":true,"statementMap":{},"s":{},"branchMap":{"0":{"type":"branch","line":1,"loc":{"start":{"line":1,"column":275},"end":{"line":12,"column":1}},"locations":[{"start":{"line":1,"column":275},"end":{"line":12,"column":1}}]}},"b":{"0":[1]},"fnMap":{"0":{"name":"(empty-report)","decl":{"start":{"line":1,"column":275},"end":{"line":12,"column":1}},"loc":{"start":{"line":1,"column":275},"end":{"line":12,"column":1}},"line":1}},"f":{"0":1}}
,"/Users/chiya/GIT/OpenCode-Work/mongo-compare/mongo-diff-ui/src/types/diff.ts": {"path":"/Users/chiya/GIT/OpenCode-Work/mongo-compare/mongo-diff-ui/src/types/diff.ts","all":true,"statementMap":{},"s":{},"branchMap":{"0":{"type":"branch","line":1,"loc":{"start":{"line":1,"column":128},"end":{"line":6,"column":1}},"locations":[{"start":{"line":1,"column":128},"end":{"line":6,"column":1}}]}},"b":{"0":[1]},"fnMap":{"0":{"name":"(empty-report)","decl":{"start":{"line":1,"column":128},"end":{"line":6,"column":1}},"loc":{"start":{"line":1,"column":128},"end":{"line":6,"column":1}},"line":1}},"f":{"0":1}}
,"/Users/chiya/GIT/OpenCode-Work/mongo-compare/mongo-diff-ui/src/types/document.ts": {"path":"/Users/chiya/GIT/OpenCode-Work/mongo-compare/mongo-diff-ui/src/types/document.ts","all":true,"statementMap":{},"s":{},"branchMap":{"0":{"type":"branch","line":1,"loc":{"start":{"line":1,"column":127},"end":{"line":6,"column":1}},"locations":[{"start":{"line":1,"column":127},"end":{"line":6,"column":1}}]}},"b":{"0":[1]},"fnMap":{"0":{"name":"(empty-report)","decl":{"start":{"line":1,"column":127},"end":{"line":6,"column":1}},"loc":{"start":{"line":1,"column":127},"end":{"line":6,"column":1}},"line":1}},"f":{"0":1}}
,"/Users/chiya/GIT/OpenCode-Work/mongo-compare/mongo-diff-ui/src/types/export.ts": {"path":"/Users/chiya/GIT/OpenCode-Work/mongo-compare/mongo-diff-ui/src/types/export.ts","all":true,"statementMap":{},"s":{},"branchMap":{"0":{"type":"branch","line":1,"loc":{"start":{"line":1,"column":115},"end":{"line":5,"column":1}},"locations":[{"start":{"line":1,"column":115},"end":{"line":5,"column":1}}]}},"b":{"0":[1]},"fnMap":{"0":{"name":"(empty-report)","decl":{"start":{"line":1,"column":115},"end":{"line":5,"column":1}},"loc":{"start":{"line":1,"column":115},"end":{"line":5,"column":1}},"line":1}},"f":{"0":1}}
,"/Users/chiya/GIT/OpenCode-Work/mongo-compare/mongo-diff-ui/src/types/index.ts": {"path":"/Users/chiya/GIT/OpenCode-Work/mongo-compare/mongo-diff-ui/src/types/index.ts","all":true,"statementMap":{},"s":{},"branchMap":{"0":{"type":"branch","line":1,"loc":{"start":{"line":1,"column":359},"end":{"line":7,"column":45}},"locations":[{"start":{"line":1,"column":359},"end":{"line":7,"column":45}}]}},"b":{"0":[1]},"fnMap":{"0":{"name":"(empty-report)","decl":{"start":{"line":1,"column":359},"end":{"line":7,"column":45}},"loc":{"start":{"line":1,"column":359},"end":{"line":7,"column":45}},"line":1}},"f":{"0":1}}
,"/Users/chiya/GIT/OpenCode-Work/mongo-compare/mongo-diff-ui/src/types/snapshot.ts": {"path":"/Users/chiya/GIT/OpenCode-Work/mongo-compare/mongo-diff-ui/src/types/snapshot.ts","all":true,"statementMap":{},"s":{},"branchMap":{"0":{"type":"branch","line":1,"loc":{"start":{"line":1,"column":326},"end":{"line":14,"column":1}},"locations":[{"start":{"line":1,"column":326},"end":{"line":14,"column":1}}]}},"b":{"0":[1]},"fnMap":{"0":{"name":"(empty-report)","decl":{"start":{"line":1,"column":326},"end":{"line":14,"column":1}},"loc":{"start":{"line":1,"column":326},"end":{"line":14,"column":1}},"line":1}},"f":{"0":1}}
}
